Assuming unrestricted shared filesystem usage.
None
host: wl5s-254-25.unil.ch
Building DAG of jobs...
Using shell: /bin/bash
Provided cores: 3
Rules claiming more threads will be scaled down.
Job stats:
job                          count
-------------------------  -------
PredictionOtherModel            64
all                              1
combined_sequences_scores        1
cross_validation                 8
heatmap                          1
neg_bed_files                    8
pred_AUC_OtherModel              8
prediction                       8
scores                           1
sequences                       14
sequences_scores                 8
simple_AUC                       1
train_ML                         8
total                          131

Select jobs to execute...
Execute 3 jobs...
[Thu Aug 14 13:10:27 2025]
localrule neg_bed_files:
    input: ../../results/zebrafish_organs/sets/posSet/bed_files/testis.bed
    output: ../../results/zebrafish_organs/sets/negSet/bed_files/testis.bed
    jobid: 25
    reason: Missing output files: ../../results/zebrafish_organs/sets/negSet/bed_files/testis.bed; Code has changed since last execution
    wildcards: sample=testis
    resources: tmpdir=/var/folders/7c/65x0b2m90w39sqm5h28151rr0000gp/T

[Thu Aug 14 13:10:27 2025]
localrule neg_bed_files:
    input: ../../results/zebrafish_organs/sets/posSet/bed_files/brain.bed
    output: ../../results/zebrafish_organs/sets/negSet/bed_files/brain.bed
    jobid: 21
    reason: Missing output files: ../../results/zebrafish_organs/sets/negSet/bed_files/brain.bed; Code has changed since last execution
    wildcards: sample=brain
    resources: tmpdir=/var/folders/7c/65x0b2m90w39sqm5h28151rr0000gp/T

[Thu Aug 14 13:10:27 2025]
localrule neg_bed_files:
    input: ../../results/zebrafish_organs/sets/posSet/bed_files/ovary.bed
    output: ../../results/zebrafish_organs/sets/negSet/bed_files/ovary.bed
    jobid: 23
    reason: Missing output files: ../../results/zebrafish_organs/sets/negSet/bed_files/ovary.bed; Code has changed since last execution
    wildcards: sample=ovary
    resources: tmpdir=/var/folders/7c/65x0b2m90w39sqm5h28151rr0000gp/T

Select jobs to execute...
[Thu Aug 14 13:30:20 2025]
Finished jobid: 25 (Rule: neg_bed_files)
1 of 131 steps (1%) done
Execute 1 jobs...
[Thu Aug 14 13:30:20 2025]
localrule sequences:
    input: ../../results/zebrafish_organs/sets/posSet/bed_files/brain.bed
    output: ../../results/zebrafish_organs/sets/posSet/sequences/brain.fasta
    jobid: 1
    reason: Missing output files: ../../results/zebrafish_organs/sets/posSet/sequences/brain.fasta
    wildcards: s_type=posSet, sample=brain
    resources: tmpdir=/var/folders/7c/65x0b2m90w39sqm5h28151rr0000gp/T

Select jobs to execute...
[Thu Aug 14 13:30:20 2025]
Finished jobid: 23 (Rule: neg_bed_files)
2 of 131 steps (2%) done
Execute 1 jobs...
[Thu Aug 14 13:30:20 2025]
localrule sequences:
    input: ../../results/zebrafish_organs/sets/negSet/bed_files/ovary.bed
    output: ../../results/zebrafish_organs/sets/negSet/sequences/ovary.fasta
    jobid: 22
    reason: Missing output files: ../../results/zebrafish_organs/sets/negSet/sequences/ovary.fasta; Input files updated by another job: ../../results/zebrafish_organs/sets/negSet/bed_files/ovary.bed
    wildcards: s_type=negSet, sample=ovary
    resources: tmpdir=/var/folders/7c/65x0b2m90w39sqm5h28151rr0000gp/T

[Thu Aug 14 13:30:21 2025]
Finished jobid: 21 (Rule: neg_bed_files)
3 of 131 steps (2%) done
Select jobs to execute...
Execute 1 jobs...
[Thu Aug 14 13:30:21 2025]
localrule sequences:
    input: ../../results/zebrafish_organs/sets/negSet/bed_files/testis.bed
    output: ../../results/zebrafish_organs/sets/negSet/sequences/testis.fasta
    jobid: 24
    reason: Missing output files: ../../results/zebrafish_organs/sets/negSet/sequences/testis.fasta; Input files updated by another job: ../../results/zebrafish_organs/sets/negSet/bed_files/testis.bed
    wildcards: s_type=negSet, sample=testis
    resources: tmpdir=/var/folders/7c/65x0b2m90w39sqm5h28151rr0000gp/T

Select jobs to execute...
[Thu Aug 14 13:31:01 2025]
Finished jobid: 24 (Rule: sequences)
4 of 131 steps (3%) done
Execute 1 jobs...
[Thu Aug 14 13:31:01 2025]
localrule train_ML:
    input: ../../results/zebrafish_organs/sets/posSet/sequences/testis.fasta, ../../results/zebrafish_organs/sets/negSet/sequences/testis.fasta
    output: ../../results/zebrafish_organs/train_model/testis.model.txt
    log: ../../results/zebrafish_organs/train_model/log/testis.log
    jobid: 43
    reason: Missing output files: ../../results/zebrafish_organs/train_model/testis.model.txt; Input files updated by another job: ../../results/zebrafish_organs/sets/negSet/sequences/testis.fasta
    wildcards: sample=testis
    resources: tmpdir=/var/folders/7c/65x0b2m90w39sqm5h28151rr0000gp/T

[Thu Aug 14 13:31:01 2025]
Finished jobid: 22 (Rule: sequences)
5 of 131 steps (4%) done
Select jobs to execute...
Execute 1 jobs...
[Thu Aug 14 13:31:01 2025]
localrule train_ML:
    input: ../../results/zebrafish_organs/sets/posSet/sequences/ovary.fasta, ../../results/zebrafish_organs/sets/negSet/sequences/ovary.fasta
    output: ../../results/zebrafish_organs/train_model/ovary.model.txt
    log: ../../results/zebrafish_organs/train_model/log/ovary.log
    jobid: 41
    reason: Missing output files: ../../results/zebrafish_organs/train_model/ovary.model.txt; Input files updated by another job: ../../results/zebrafish_organs/sets/negSet/sequences/ovary.fasta
    wildcards: sample=ovary
    resources: tmpdir=/var/folders/7c/65x0b2m90w39sqm5h28151rr0000gp/T

Select jobs to execute...
[Thu Aug 14 13:31:03 2025]
Finished jobid: 1 (Rule: sequences)
6 of 131 steps (5%) done
Execute 1 jobs...
[Thu Aug 14 13:31:03 2025]
localrule cross_validation:
    input: ../../results/zebrafish_organs/sets/posSet/sequences/ovary.fasta, ../../results/zebrafish_organs/sets/negSet/sequences/ovary.fasta
    output: ../../results/zebrafish_organs/cross_validation/ovary.cvpred.txt
    log: ../../results/zebrafish_organs/cross_validation/log/ovary.log
    jobid: 56
    reason: Missing output files: ../../results/zebrafish_organs/cross_validation/ovary.cvpred.txt; Input files updated by another job: ../../results/zebrafish_organs/sets/negSet/sequences/ovary.fasta
    wildcards: sample=ovary
    resources: tmpdir=/var/folders/7c/65x0b2m90w39sqm5h28151rr0000gp/T

Select jobs to execute...
[Thu Aug 14 13:52:41 2025]
Finished jobid: 43 (Rule: train_ML)
7 of 131 steps (5%) done
Execute 1 jobs...
[Thu Aug 14 13:52:41 2025]
localrule prediction:
    input: ../../data/zebrafish_organs/sequences/kmer.fa, ../../results/zebrafish_organs/train_model/testis.model.txt
    output: ../../results/zebrafish_organs/prediction/testis.pred.txt
    log: ../../results/zebrafish_organs/prediction/log/testis.log
    jobid: 42
    reason: Missing output files: ../../results/zebrafish_organs/prediction/testis.pred.txt; Input files updated by another job: ../../results/zebrafish_organs/train_model/testis.model.txt
    wildcards: sample=testis
    resources: tmpdir=/var/folders/7c/65x0b2m90w39sqm5h28151rr0000gp/T

Select jobs to execute...
[Thu Aug 14 13:54:49 2025]
Finished jobid: 42 (Rule: prediction)
8 of 131 steps (6%) done
Execute 1 jobs...
[Thu Aug 14 13:54:49 2025]
localrule sequences_scores:
    input: ../../results/zebrafish_organs/prediction/testis.pred.txt, ../../results/zebrafish_organs/sets/posSet/sequences/testis.fasta
    output: ../../results/zebrafish_organs/analyses/scores/scores_testis.csv
    jobid: 138
    reason: Missing output files: ../../results/zebrafish_organs/analyses/scores/scores_testis.csv; Input files updated by another job: ../../results/zebrafish_organs/prediction/testis.pred.txt
    wildcards: sample=testis
    resources: tmpdir=/var/folders/7c/65x0b2m90w39sqm5h28151rr0000gp/T

Select jobs to execute...
[Thu Aug 14 13:54:56 2025]
Finished jobid: 138 (Rule: sequences_scores)
9 of 131 steps (7%) done
Execute 1 jobs...
[Thu Aug 14 13:54:56 2025]
localrule PredictionOtherModel:
    input: ../../results/zebrafish_organs/sets/posSet/sequences/testis.fasta, ../../results/zebrafish_organs/sets/negSet/sequences/ovary.fasta, ../../results/zebrafish_organs/train_model/testis.model.txt
    output: ../../results/zebrafish_organs/prediction/training_cluster/ovary_pos.pred.using_testis_model.txt, ../../results/zebrafish_organs/prediction/training_cluster/ovary_neg.pred.using_testis_model.txt
    log: ../../results/zebrafish_organs/prediction/logOtherModel/ovary_using_testis.log
    jobid: 73
    reason: Missing output files: ../../results/zebrafish_organs/prediction/training_cluster/ovary_pos.pred.using_testis_model.txt, ../../results/zebrafish_organs/prediction/training_cluster/ovary_neg.pred.using_testis_model.txt; Input files updated by another job: ../../results/zebrafish_organs/sets/negSet/sequences/ovary.fasta, ../../results/zebrafish_organs/train_model/testis.model.txt
    wildcards: sample_to_score=ovary, sample=testis
    resources: tmpdir=/var/folders/7c/65x0b2m90w39sqm5h28151rr0000gp/T

Select jobs to execute...
[Thu Aug 14 14:09:11 2025]
Finished jobid: 73 (Rule: PredictionOtherModel)
10 of 131 steps (8%) done
Execute 1 jobs...
[Thu Aug 14 14:09:11 2025]
localrule PredictionOtherModel:
    input: ../../results/zebrafish_organs/sets/posSet/sequences/testis.fasta, ../../results/zebrafish_organs/sets/negSet/sequences/testis.fasta, ../../results/zebrafish_organs/train_model/testis.model.txt
    output: ../../results/zebrafish_organs/prediction/training_cluster/testis_pos.pred.using_testis_model.txt, ../../results/zebrafish_organs/prediction/training_cluster/testis_neg.pred.using_testis_model.txt
    log: ../../results/zebrafish_organs/prediction/logOtherModel/testis_using_testis.log
    jobid: 81
    reason: Missing output files: ../../results/zebrafish_organs/prediction/training_cluster/testis_neg.pred.using_testis_model.txt, ../../results/zebrafish_organs/prediction/training_cluster/testis_pos.pred.using_testis_model.txt; Input files updated by another job: ../../results/zebrafish_organs/sets/negSet/sequences/testis.fasta, ../../results/zebrafish_organs/train_model/testis.model.txt
    wildcards: sample_to_score=testis, sample=testis
    resources: tmpdir=/var/folders/7c/65x0b2m90w39sqm5h28151rr0000gp/T

Select jobs to execute...
[Thu Aug 14 14:13:15 2025]
Finished jobid: 41 (Rule: train_ML)
11 of 131 steps (8%) done
Execute 1 jobs...
[Thu Aug 14 14:13:15 2025]
localrule prediction:
    input: ../../data/zebrafish_organs/sequences/kmer.fa, ../../results/zebrafish_organs/train_model/ovary.model.txt
    output: ../../results/zebrafish_organs/prediction/ovary.pred.txt
    log: ../../results/zebrafish_organs/prediction/log/ovary.log
    jobid: 40
    reason: Missing output files: ../../results/zebrafish_organs/prediction/ovary.pred.txt; Input files updated by another job: ../../results/zebrafish_organs/train_model/ovary.model.txt
    wildcards: sample=ovary
    resources: tmpdir=/var/folders/7c/65x0b2m90w39sqm5h28151rr0000gp/T

Select jobs to execute...
[Thu Aug 14 14:15:40 2025]
Finished jobid: 40 (Rule: prediction)
12 of 131 steps (9%) done
Execute 1 jobs...
[Thu Aug 14 14:15:40 2025]
localrule sequences_scores:
    input: ../../results/zebrafish_organs/prediction/ovary.pred.txt, ../../results/zebrafish_organs/sets/posSet/sequences/ovary.fasta
    output: ../../results/zebrafish_organs/analyses/scores/scores_ovary.csv
    jobid: 137
    reason: Missing output files: ../../results/zebrafish_organs/analyses/scores/scores_ovary.csv; Input files updated by another job: ../../results/zebrafish_organs/prediction/ovary.pred.txt
    wildcards: sample=ovary
    resources: tmpdir=/var/folders/7c/65x0b2m90w39sqm5h28151rr0000gp/T

Select jobs to execute...
[Thu Aug 14 14:15:48 2025]
Finished jobid: 137 (Rule: sequences_scores)
13 of 131 steps (10%) done
Execute 1 jobs...
[Thu Aug 14 14:15:48 2025]
localrule PredictionOtherModel:
    input: ../../results/zebrafish_organs/sets/posSet/sequences/ovary.fasta, ../../results/zebrafish_organs/sets/negSet/sequences/ovary.fasta, ../../results/zebrafish_organs/train_model/ovary.model.txt
    output: ../../results/zebrafish_organs/prediction/training_cluster/ovary_pos.pred.using_ovary_model.txt, ../../results/zebrafish_organs/prediction/training_cluster/ovary_neg.pred.using_ovary_model.txt
    log: ../../results/zebrafish_organs/prediction/logOtherModel/ovary_using_ovary.log
    jobid: 72
    reason: Missing output files: ../../results/zebrafish_organs/prediction/training_cluster/ovary_pos.pred.using_ovary_model.txt, ../../results/zebrafish_organs/prediction/training_cluster/ovary_neg.pred.using_ovary_model.txt; Input files updated by another job: ../../results/zebrafish_organs/sets/negSet/sequences/ovary.fasta, ../../results/zebrafish_organs/train_model/ovary.model.txt
    wildcards: sample_to_score=ovary, sample=ovary
    resources: tmpdir=/var/folders/7c/65x0b2m90w39sqm5h28151rr0000gp/T

Select jobs to execute...
[Thu Aug 14 14:19:41 2025]
Finished jobid: 81 (Rule: PredictionOtherModel)
14 of 131 steps (11%) done
Execute 1 jobs...
[Thu Aug 14 14:19:41 2025]
localrule PredictionOtherModel:
    input: ../../results/zebrafish_organs/sets/posSet/sequences/ovary.fasta, ../../results/zebrafish_organs/sets/negSet/sequences/testis.fasta, ../../results/zebrafish_organs/train_model/ovary.model.txt
    output: ../../results/zebrafish_organs/prediction/training_cluster/testis_pos.pred.using_ovary_model.txt, ../../results/zebrafish_organs/prediction/training_cluster/testis_neg.pred.using_ovary_model.txt
    log: ../../results/zebrafish_organs/prediction/logOtherModel/testis_using_ovary.log
    jobid: 80
    reason: Missing output files: ../../results/zebrafish_organs/prediction/training_cluster/testis_pos.pred.using_ovary_model.txt, ../../results/zebrafish_organs/prediction/training_cluster/testis_neg.pred.using_ovary_model.txt; Input files updated by another job: ../../results/zebrafish_organs/sets/negSet/sequences/testis.fasta, ../../results/zebrafish_organs/train_model/ovary.model.txt
    wildcards: sample_to_score=testis, sample=ovary
    resources: tmpdir=/var/folders/7c/65x0b2m90w39sqm5h28151rr0000gp/T

Select jobs to execute...
[Thu Aug 14 14:33:30 2025]
Finished jobid: 72 (Rule: PredictionOtherModel)
15 of 131 steps (11%) done
Execute 1 jobs...
[Thu Aug 14 14:33:30 2025]
localrule cross_validation:
    input: ../../results/zebrafish_organs/sets/posSet/sequences/testis.fasta, ../../results/zebrafish_organs/sets/negSet/sequences/testis.fasta
    output: ../../results/zebrafish_organs/cross_validation/testis.cvpred.txt
    log: ../../results/zebrafish_organs/cross_validation/log/testis.log
    jobid: 57
    reason: Missing output files: ../../results/zebrafish_organs/cross_validation/testis.cvpred.txt; Input files updated by another job: ../../results/zebrafish_organs/sets/negSet/sequences/testis.fasta
    wildcards: sample=testis
    resources: tmpdir=/var/folders/7c/65x0b2m90w39sqm5h28151rr0000gp/T

Select jobs to execute...
[Thu Aug 14 14:33:50 2025]
Finished jobid: 80 (Rule: PredictionOtherModel)
16 of 131 steps (12%) done
Execute 1 jobs...
[Thu Aug 14 14:33:50 2025]
localrule sequences:
    input: ../../results/zebrafish_organs/sets/negSet/bed_files/brain.bed
    output: ../../results/zebrafish_organs/sets/negSet/sequences/brain.fasta
    jobid: 20
    reason: Missing output files: ../../results/zebrafish_organs/sets/negSet/sequences/brain.fasta; Input files updated by another job: ../../results/zebrafish_organs/sets/negSet/bed_files/brain.bed
    wildcards: s_type=negSet, sample=brain
    resources: tmpdir=/var/folders/7c/65x0b2m90w39sqm5h28151rr0000gp/T

Select jobs to execute...
[Thu Aug 14 14:34:18 2025]
Finished jobid: 20 (Rule: sequences)
17 of 131 steps (13%) done
Execute 1 jobs...
[Thu Aug 14 14:34:18 2025]
localrule PredictionOtherModel:
    input: ../../results/zebrafish_organs/sets/posSet/sequences/ovary.fasta, ../../results/zebrafish_organs/sets/negSet/sequences/brain.fasta, ../../results/zebrafish_organs/train_model/ovary.model.txt
    output: ../../results/zebrafish_organs/prediction/training_cluster/brain_pos.pred.using_ovary_model.txt, ../../results/zebrafish_organs/prediction/training_cluster/brain_neg.pred.using_ovary_model.txt
    log: ../../results/zebrafish_organs/prediction/logOtherModel/brain_using_ovary.log
    jobid: 64
    reason: Missing output files: ../../results/zebrafish_organs/prediction/training_cluster/brain_pos.pred.using_ovary_model.txt, ../../results/zebrafish_organs/prediction/training_cluster/brain_neg.pred.using_ovary_model.txt; Input files updated by another job: ../../results/zebrafish_organs/sets/negSet/sequences/brain.fasta, ../../results/zebrafish_organs/train_model/ovary.model.txt
    wildcards: sample_to_score=brain, sample=ovary
    resources: tmpdir=/var/folders/7c/65x0b2m90w39sqm5h28151rr0000gp/T

Select jobs to execute...
[Thu Aug 14 14:48:34 2025]
Finished jobid: 64 (Rule: PredictionOtherModel)
18 of 131 steps (14%) done
Execute 1 jobs...
[Thu Aug 14 14:48:34 2025]
localrule PredictionOtherModel:
    input: ../../results/zebrafish_organs/sets/posSet/sequences/testis.fasta, ../../results/zebrafish_organs/sets/negSet/sequences/brain.fasta, ../../results/zebrafish_organs/train_model/testis.model.txt
    output: ../../results/zebrafish_organs/prediction/training_cluster/brain_pos.pred.using_testis_model.txt, ../../results/zebrafish_organs/prediction/training_cluster/brain_neg.pred.using_testis_model.txt
    log: ../../results/zebrafish_organs/prediction/logOtherModel/brain_using_testis.log
    jobid: 65
    reason: Missing output files: ../../results/zebrafish_organs/prediction/training_cluster/brain_neg.pred.using_testis_model.txt, ../../results/zebrafish_organs/prediction/training_cluster/brain_pos.pred.using_testis_model.txt; Input files updated by another job: ../../results/zebrafish_organs/train_model/testis.model.txt, ../../results/zebrafish_organs/sets/negSet/sequences/brain.fasta
    wildcards: sample_to_score=brain, sample=testis
    resources: tmpdir=/var/folders/7c/65x0b2m90w39sqm5h28151rr0000gp/T

Select jobs to execute...
[Thu Aug 14 14:59:22 2025]
Finished jobid: 65 (Rule: PredictionOtherModel)
19 of 131 steps (15%) done
Execute 1 jobs...
[Thu Aug 14 14:59:22 2025]
localrule train_ML:
    input: ../../results/zebrafish_organs/sets/posSet/sequences/brain.fasta, ../../results/zebrafish_organs/sets/negSet/sequences/brain.fasta
    output: ../../results/zebrafish_organs/train_model/brain.model.txt
    log: ../../results/zebrafish_organs/train_model/log/brain.log
    jobid: 39
    reason: Missing output files: ../../results/zebrafish_organs/train_model/brain.model.txt; Input files updated by another job: ../../results/zebrafish_organs/sets/posSet/sequences/brain.fasta, ../../results/zebrafish_organs/sets/negSet/sequences/brain.fasta
    wildcards: sample=brain
    resources: tmpdir=/var/folders/7c/65x0b2m90w39sqm5h28151rr0000gp/T

Select jobs to execute...
[Thu Aug 14 15:22:02 2025]
Finished jobid: 39 (Rule: train_ML)
20 of 131 steps (15%) done
Execute 1 jobs...
[Thu Aug 14 15:22:02 2025]
localrule prediction:
    input: ../../data/zebrafish_organs/sequences/kmer.fa, ../../results/zebrafish_organs/train_model/brain.model.txt
    output: ../../results/zebrafish_organs/prediction/brain.pred.txt
    log: ../../results/zebrafish_organs/prediction/log/brain.log
    jobid: 38
    reason: Missing output files: ../../results/zebrafish_organs/prediction/brain.pred.txt; Input files updated by another job: ../../results/zebrafish_organs/train_model/brain.model.txt
    wildcards: sample=brain
    resources: tmpdir=/var/folders/7c/65x0b2m90w39sqm5h28151rr0000gp/T

Select jobs to execute...
[Thu Aug 14 15:24:13 2025]
Finished jobid: 38 (Rule: prediction)
21 of 131 steps (16%) done
Execute 1 jobs...
[Thu Aug 14 15:24:13 2025]
localrule sequences_scores:
    input: ../../results/zebrafish_organs/prediction/brain.pred.txt, ../../results/zebrafish_organs/sets/posSet/sequences/brain.fasta
    output: ../../results/zebrafish_organs/analyses/scores/scores_brain.csv
    jobid: 136
    reason: Missing output files: ../../results/zebrafish_organs/analyses/scores/scores_brain.csv; Input files updated by another job: ../../results/zebrafish_organs/sets/posSet/sequences/brain.fasta, ../../results/zebrafish_organs/prediction/brain.pred.txt
    wildcards: sample=brain
    resources: tmpdir=/var/folders/7c/65x0b2m90w39sqm5h28151rr0000gp/T

Select jobs to execute...
[Thu Aug 14 15:24:20 2025]
Finished jobid: 136 (Rule: sequences_scores)
22 of 131 steps (17%) done
Execute 1 jobs...
[Thu Aug 14 15:24:20 2025]
localrule PredictionOtherModel:
    input: ../../results/zebrafish_organs/sets/posSet/sequences/brain.fasta, ../../results/zebrafish_organs/sets/negSet/sequences/ovary.fasta, ../../results/zebrafish_organs/train_model/brain.model.txt
    output: ../../results/zebrafish_organs/prediction/training_cluster/ovary_pos.pred.using_brain_model.txt, ../../results/zebrafish_organs/prediction/training_cluster/ovary_neg.pred.using_brain_model.txt
    log: ../../results/zebrafish_organs/prediction/logOtherModel/ovary_using_brain.log
    jobid: 71
    reason: Missing output files: ../../results/zebrafish_organs/prediction/training_cluster/ovary_pos.pred.using_brain_model.txt, ../../results/zebrafish_organs/prediction/training_cluster/ovary_neg.pred.using_brain_model.txt; Input files updated by another job: ../../results/zebrafish_organs/train_model/brain.model.txt, ../../results/zebrafish_organs/sets/negSet/sequences/ovary.fasta, ../../results/zebrafish_organs/sets/posSet/sequences/brain.fasta
    wildcards: sample_to_score=ovary, sample=brain
    resources: tmpdir=/var/folders/7c/65x0b2m90w39sqm5h28151rr0000gp/T

Select jobs to execute...
[Thu Aug 14 15:38:40 2025]
Finished jobid: 71 (Rule: PredictionOtherModel)
23 of 131 steps (18%) done
Execute 1 jobs...
[Thu Aug 14 15:38:40 2025]
localrule PredictionOtherModel:
    input: ../../results/zebrafish_organs/sets/posSet/sequences/brain.fasta, ../../results/zebrafish_organs/sets/negSet/sequences/brain.fasta, ../../results/zebrafish_organs/train_model/brain.model.txt
    output: ../../results/zebrafish_organs/prediction/training_cluster/brain_pos.pred.using_brain_model.txt, ../../results/zebrafish_organs/prediction/training_cluster/brain_neg.pred.using_brain_model.txt
    log: ../../results/zebrafish_organs/prediction/logOtherModel/brain_using_brain.log
    jobid: 63
    reason: Missing output files: ../../results/zebrafish_organs/prediction/training_cluster/brain_pos.pred.using_brain_model.txt, ../../results/zebrafish_organs/prediction/training_cluster/brain_neg.pred.using_brain_model.txt; Input files updated by another job: ../../results/zebrafish_organs/train_model/brain.model.txt, ../../results/zebrafish_organs/sets/posSet/sequences/brain.fasta, ../../results/zebrafish_organs/sets/negSet/sequences/brain.fasta
    wildcards: sample_to_score=brain, sample=brain
    resources: tmpdir=/var/folders/7c/65x0b2m90w39sqm5h28151rr0000gp/T

Select jobs to execute...
[Thu Aug 14 15:50:07 2025]
Finished jobid: 63 (Rule: PredictionOtherModel)
24 of 131 steps (18%) done
Execute 1 jobs...
[Thu Aug 14 15:50:07 2025]
localrule PredictionOtherModel:
    input: ../../results/zebrafish_organs/sets/posSet/sequences/brain.fasta, ../../results/zebrafish_organs/sets/negSet/sequences/testis.fasta, ../../results/zebrafish_organs/train_model/brain.model.txt
    output: ../../results/zebrafish_organs/prediction/training_cluster/testis_pos.pred.using_brain_model.txt, ../../results/zebrafish_organs/prediction/training_cluster/testis_neg.pred.using_brain_model.txt
    log: ../../results/zebrafish_organs/prediction/logOtherModel/testis_using_brain.log
    jobid: 79
    reason: Missing output files: ../../results/zebrafish_organs/prediction/training_cluster/testis_pos.pred.using_brain_model.txt, ../../results/zebrafish_organs/prediction/training_cluster/testis_neg.pred.using_brain_model.txt; Input files updated by another job: ../../results/zebrafish_organs/train_model/brain.model.txt, ../../results/zebrafish_organs/sets/negSet/sequences/testis.fasta, ../../results/zebrafish_organs/sets/posSet/sequences/brain.fasta
    wildcards: sample_to_score=testis, sample=brain
    resources: tmpdir=/var/folders/7c/65x0b2m90w39sqm5h28151rr0000gp/T

Select jobs to execute...
[Thu Aug 14 16:01:48 2025]
Finished jobid: 79 (Rule: PredictionOtherModel)
25 of 131 steps (19%) done
Execute 1 jobs...
[Thu Aug 14 16:01:48 2025]
localrule cross_validation:
    input: ../../results/zebrafish_organs/sets/posSet/sequences/brain.fasta, ../../results/zebrafish_organs/sets/negSet/sequences/brain.fasta
    output: ../../results/zebrafish_organs/cross_validation/brain.cvpred.txt
    log: ../../results/zebrafish_organs/cross_validation/log/brain.log
    jobid: 55
    reason: Missing output files: ../../results/zebrafish_organs/cross_validation/brain.cvpred.txt; Input files updated by another job: ../../results/zebrafish_organs/sets/posSet/sequences/brain.fasta, ../../results/zebrafish_organs/sets/negSet/sequences/brain.fasta
    wildcards: sample=brain
    resources: tmpdir=/var/folders/7c/65x0b2m90w39sqm5h28151rr0000gp/T

Select jobs to execute...
[Thu Aug 14 16:01:57 2025]
Finished jobid: 57 (Rule: cross_validation)
26 of 131 steps (20%) done
Execute 1 jobs...
[Thu Aug 14 16:01:57 2025]
localrule neg_bed_files:
    input: ../../results/zebrafish_organs/sets/posSet/bed_files/intestine.bed
    output: ../../results/zebrafish_organs/sets/negSet/bed_files/intestine.bed
    jobid: 35
    reason: Missing output files: ../../results/zebrafish_organs/sets/negSet/bed_files/intestine.bed
    wildcards: sample=intestine
    resources: tmpdir=/var/folders/7c/65x0b2m90w39sqm5h28151rr0000gp/T

Select jobs to execute...
[Thu Aug 14 16:20:34 2025]
Finished jobid: 35 (Rule: neg_bed_files)
27 of 131 steps (21%) done
Execute 1 jobs...
[Thu Aug 14 16:20:34 2025]
localrule sequences:
    input: ../../results/zebrafish_organs/sets/posSet/bed_files/intestine.bed
    output: ../../results/zebrafish_organs/sets/posSet/sequences/intestine.fasta
    jobid: 18
    reason: Missing output files: ../../results/zebrafish_organs/sets/posSet/sequences/intestine.fasta
    wildcards: s_type=posSet, sample=intestine
    resources: tmpdir=/var/folders/7c/65x0b2m90w39sqm5h28151rr0000gp/T

Select jobs to execute...
[Thu Aug 14 16:20:58 2025]
Finished jobid: 18 (Rule: sequences)
28 of 131 steps (21%) done
Execute 1 jobs...
[Thu Aug 14 16:20:58 2025]
localrule neg_bed_files:
    input: ../../results/zebrafish_organs/sets/posSet/bed_files/gills.bed
    output: ../../results/zebrafish_organs/sets/negSet/bed_files/gills.bed
    jobid: 33
    reason: Missing output files: ../../results/zebrafish_organs/sets/negSet/bed_files/gills.bed
    wildcards: sample=gills
    resources: tmpdir=/var/folders/7c/65x0b2m90w39sqm5h28151rr0000gp/T

Select jobs to execute...
[Thu Aug 14 16:21:17 2025]
Finished jobid: 56 (Rule: cross_validation)
29 of 131 steps (22%) done
Execute 1 jobs...
[Thu Aug 14 16:21:17 2025]
localrule sequences:
    input: ../../results/zebrafish_organs/sets/posSet/bed_files/gills.bed
    output: ../../results/zebrafish_organs/sets/posSet/sequences/gills.fasta
    jobid: 16
    reason: Missing output files: ../../results/zebrafish_organs/sets/posSet/sequences/gills.fasta
    wildcards: s_type=posSet, sample=gills
    resources: tmpdir=/var/folders/7c/65x0b2m90w39sqm5h28151rr0000gp/T

Select jobs to execute...
[Thu Aug 14 16:21:40 2025]
Finished jobid: 16 (Rule: sequences)
30 of 131 steps (23%) done
Execute 1 jobs...
[Thu Aug 14 16:21:40 2025]
localrule sequences:
    input: ../../results/zebrafish_organs/sets/posSet/bed_files/liver.bed
    output: ../../results/zebrafish_organs/sets/posSet/sequences/liver.fasta
    jobid: 12
    reason: Missing output files: ../../results/zebrafish_organs/sets/posSet/sequences/liver.fasta
    wildcards: s_type=posSet, sample=liver
    resources: tmpdir=/var/folders/7c/65x0b2m90w39sqm5h28151rr0000gp/T

Select jobs to execute...
[Thu Aug 14 16:22:02 2025]
Finished jobid: 12 (Rule: sequences)
31 of 131 steps (24%) done
Execute 1 jobs...
[Thu Aug 14 16:22:02 2025]
localrule neg_bed_files:
    input: ../../results/zebrafish_organs/sets/posSet/bed_files/liver.bed
    output: ../../results/zebrafish_organs/sets/negSet/bed_files/liver.bed
    jobid: 29
    reason: Missing output files: ../../results/zebrafish_organs/sets/negSet/bed_files/liver.bed
    wildcards: sample=liver
    resources: tmpdir=/var/folders/7c/65x0b2m90w39sqm5h28151rr0000gp/T

Select jobs to execute...
[Thu Aug 14 16:38:35 2025]
Finished jobid: 33 (Rule: neg_bed_files)
32 of 131 steps (24%) done
Execute 1 jobs...
[Thu Aug 14 16:38:35 2025]
localrule neg_bed_files:
    input: ../../results/zebrafish_organs/sets/posSet/bed_files/eye.bed
    output: ../../results/zebrafish_organs/sets/negSet/bed_files/eye.bed
    jobid: 27
    reason: Missing output files: ../../results/zebrafish_organs/sets/negSet/bed_files/eye.bed
    wildcards: sample=eye
    resources: tmpdir=/var/folders/7c/65x0b2m90w39sqm5h28151rr0000gp/T

Select jobs to execute...
[Thu Aug 14 16:39:44 2025]
Finished jobid: 29 (Rule: neg_bed_files)
33 of 131 steps (25%) done
Execute 1 jobs...
[Thu Aug 14 16:39:44 2025]
localrule sequences:
    input: ../../results/zebrafish_organs/sets/posSet/bed_files/eye.bed
    output: ../../results/zebrafish_organs/sets/posSet/sequences/eye.fasta
    jobid: 10
    reason: Missing output files: ../../results/zebrafish_organs/sets/posSet/sequences/eye.fasta
    wildcards: s_type=posSet, sample=eye
    resources: tmpdir=/var/folders/7c/65x0b2m90w39sqm5h28151rr0000gp/T

Select jobs to execute...
[Thu Aug 14 16:40:17 2025]
Finished jobid: 10 (Rule: sequences)
34 of 131 steps (26%) done
Execute 1 jobs...
[Thu Aug 14 16:40:17 2025]
localrule sequences:
    input: ../../results/zebrafish_organs/sets/negSet/bed_files/intestine.bed
    output: ../../results/zebrafish_organs/sets/negSet/sequences/intestine.fasta
    jobid: 34
    reason: Missing output files: ../../results/zebrafish_organs/sets/negSet/sequences/intestine.fasta; Input files updated by another job: ../../results/zebrafish_organs/sets/negSet/bed_files/intestine.bed
    wildcards: s_type=negSet, sample=intestine
    resources: tmpdir=/var/folders/7c/65x0b2m90w39sqm5h28151rr0000gp/T

Select jobs to execute...
[Thu Aug 14 16:40:45 2025]
Finished jobid: 34 (Rule: sequences)
35 of 131 steps (27%) done
Execute 1 jobs...
[Thu Aug 14 16:40:46 2025]
localrule PredictionOtherModel:
    input: ../../results/zebrafish_organs/sets/posSet/sequences/ovary.fasta, ../../results/zebrafish_organs/sets/negSet/sequences/intestine.fasta, ../../results/zebrafish_organs/train_model/ovary.model.txt
    output: ../../results/zebrafish_organs/prediction/training_cluster/intestine_pos.pred.using_ovary_model.txt, ../../results/zebrafish_organs/prediction/training_cluster/intestine_neg.pred.using_ovary_model.txt
    log: ../../results/zebrafish_organs/prediction/logOtherModel/intestine_using_ovary.log
    jobid: 120
    reason: Missing output files: ../../results/zebrafish_organs/prediction/training_cluster/intestine_neg.pred.using_ovary_model.txt, ../../results/zebrafish_organs/prediction/training_cluster/intestine_pos.pred.using_ovary_model.txt; Input files updated by another job: ../../results/zebrafish_organs/sets/negSet/sequences/intestine.fasta, ../../results/zebrafish_organs/train_model/ovary.model.txt
    wildcards: sample_to_score=intestine, sample=ovary
    resources: tmpdir=/var/folders/7c/65x0b2m90w39sqm5h28151rr0000gp/T

Select jobs to execute...
[Thu Aug 14 16:52:29 2025]
Finished jobid: 120 (Rule: PredictionOtherModel)
36 of 131 steps (27%) done
Execute 1 jobs...
[Thu Aug 14 16:52:29 2025]
localrule PredictionOtherModel:
    input: ../../results/zebrafish_organs/sets/posSet/sequences/brain.fasta, ../../results/zebrafish_organs/sets/negSet/sequences/intestine.fasta, ../../results/zebrafish_organs/train_model/brain.model.txt
    output: ../../results/zebrafish_organs/prediction/training_cluster/intestine_pos.pred.using_brain_model.txt, ../../results/zebrafish_organs/prediction/training_cluster/intestine_neg.pred.using_brain_model.txt
    log: ../../results/zebrafish_organs/prediction/logOtherModel/intestine_using_brain.log
    jobid: 119
    reason: Missing output files: ../../results/zebrafish_organs/prediction/training_cluster/intestine_neg.pred.using_brain_model.txt, ../../results/zebrafish_organs/prediction/training_cluster/intestine_pos.pred.using_brain_model.txt; Input files updated by another job: ../../results/zebrafish_organs/train_model/brain.model.txt, ../../results/zebrafish_organs/sets/negSet/sequences/intestine.fasta, ../../results/zebrafish_organs/sets/posSet/sequences/brain.fasta
    wildcards: sample_to_score=intestine, sample=brain
    resources: tmpdir=/var/folders/7c/65x0b2m90w39sqm5h28151rr0000gp/T

Select jobs to execute...
[Thu Aug 14 16:55:45 2025]
Finished jobid: 27 (Rule: neg_bed_files)
37 of 131 steps (28%) done
Execute 1 jobs...
[Thu Aug 14 16:55:46 2025]
localrule PredictionOtherModel:
    input: ../../results/zebrafish_organs/sets/posSet/sequences/testis.fasta, ../../results/zebrafish_organs/sets/negSet/sequences/intestine.fasta, ../../results/zebrafish_organs/train_model/testis.model.txt
    output: ../../results/zebrafish_organs/prediction/training_cluster/intestine_pos.pred.using_testis_model.txt, ../../results/zebrafish_organs/prediction/training_cluster/intestine_neg.pred.using_testis_model.txt
    log: ../../results/zebrafish_organs/prediction/logOtherModel/intestine_using_testis.log
    jobid: 121
    reason: Missing output files: ../../results/zebrafish_organs/prediction/training_cluster/intestine_neg.pred.using_testis_model.txt, ../../results/zebrafish_organs/prediction/training_cluster/intestine_pos.pred.using_testis_model.txt; Input files updated by another job: ../../results/zebrafish_organs/sets/negSet/sequences/intestine.fasta, ../../results/zebrafish_organs/train_model/testis.model.txt
    wildcards: sample_to_score=intestine, sample=testis
    resources: tmpdir=/var/folders/7c/65x0b2m90w39sqm5h28151rr0000gp/T

Select jobs to execute...
[Thu Aug 14 17:07:48 2025]
Finished jobid: 119 (Rule: PredictionOtherModel)
38 of 131 steps (29%) done
Execute 1 jobs...
[Thu Aug 14 17:07:48 2025]
localrule cross_validation:
    input: ../../results/zebrafish_organs/sets/posSet/sequences/intestine.fasta, ../../results/zebrafish_organs/sets/negSet/sequences/intestine.fasta
    output: ../../results/zebrafish_organs/cross_validation/intestine.cvpred.txt
    log: ../../results/zebrafish_organs/cross_validation/log/intestine.log
    jobid: 62
    reason: Missing output files: ../../results/zebrafish_organs/cross_validation/intestine.cvpred.txt; Input files updated by another job: ../../results/zebrafish_organs/sets/negSet/sequences/intestine.fasta, ../../results/zebrafish_organs/sets/posSet/sequences/intestine.fasta
    wildcards: sample=intestine
    resources: tmpdir=/var/folders/7c/65x0b2m90w39sqm5h28151rr0000gp/T

Select jobs to execute...
[Thu Aug 14 18:43:59 2025]
Finished jobid: 121 (Rule: PredictionOtherModel)
39 of 131 steps (30%) done
Execute 1 jobs...
[Thu Aug 14 18:43:59 2025]
localrule train_ML:
    input: ../../results/zebrafish_organs/sets/posSet/sequences/intestine.fasta, ../../results/zebrafish_organs/sets/negSet/sequences/intestine.fasta
    output: ../../results/zebrafish_organs/train_model/intestine.model.txt
    log: ../../results/zebrafish_organs/train_model/log/intestine.log
    jobid: 53
    reason: Missing output files: ../../results/zebrafish_organs/train_model/intestine.model.txt; Input files updated by another job: ../../results/zebrafish_organs/sets/negSet/sequences/intestine.fasta, ../../results/zebrafish_organs/sets/posSet/sequences/intestine.fasta
    wildcards: sample=intestine
    resources: tmpdir=/var/folders/7c/65x0b2m90w39sqm5h28151rr0000gp/T

Select jobs to execute...
[Thu Aug 14 18:59:24 2025]
Finished jobid: 53 (Rule: train_ML)
40 of 131 steps (31%) done
Execute 1 jobs...
[Thu Aug 14 18:59:24 2025]
localrule prediction:
    input: ../../data/zebrafish_organs/sequences/kmer.fa, ../../results/zebrafish_organs/train_model/intestine.model.txt
    output: ../../results/zebrafish_organs/prediction/intestine.pred.txt
    log: ../../results/zebrafish_organs/prediction/log/intestine.log
    jobid: 52
    reason: Missing output files: ../../results/zebrafish_organs/prediction/intestine.pred.txt; Input files updated by another job: ../../results/zebrafish_organs/train_model/intestine.model.txt
    wildcards: sample=intestine
    resources: tmpdir=/var/folders/7c/65x0b2m90w39sqm5h28151rr0000gp/T

Select jobs to execute...
[Thu Aug 14 19:02:01 2025]
Finished jobid: 52 (Rule: prediction)
41 of 131 steps (31%) done
Execute 1 jobs...
[Thu Aug 14 19:02:01 2025]
localrule sequences_scores:
    input: ../../results/zebrafish_organs/prediction/intestine.pred.txt, ../../results/zebrafish_organs/sets/posSet/sequences/intestine.fasta
    output: ../../results/zebrafish_organs/analyses/scores/scores_intestine.csv
    jobid: 143
    reason: Missing output files: ../../results/zebrafish_organs/analyses/scores/scores_intestine.csv; Input files updated by another job: ../../results/zebrafish_organs/sets/posSet/sequences/intestine.fasta, ../../results/zebrafish_organs/prediction/intestine.pred.txt
    wildcards: sample=intestine
    resources: tmpdir=/var/folders/7c/65x0b2m90w39sqm5h28151rr0000gp/T

Select jobs to execute...
[Thu Aug 14 19:02:10 2025]
Finished jobid: 143 (Rule: sequences_scores)
42 of 131 steps (32%) done
Execute 1 jobs...
[Thu Aug 14 19:02:10 2025]
localrule PredictionOtherModel:
    input: ../../results/zebrafish_organs/sets/posSet/sequences/intestine.fasta, ../../results/zebrafish_organs/sets/negSet/sequences/ovary.fasta, ../../results/zebrafish_organs/train_model/intestine.model.txt
    output: ../../results/zebrafish_organs/prediction/training_cluster/ovary_pos.pred.using_intestine_model.txt, ../../results/zebrafish_organs/prediction/training_cluster/ovary_neg.pred.using_intestine_model.txt
    log: ../../results/zebrafish_organs/prediction/logOtherModel/ovary_using_intestine.log
    jobid: 78
    reason: Missing output files: ../../results/zebrafish_organs/prediction/training_cluster/ovary_pos.pred.using_intestine_model.txt, ../../results/zebrafish_organs/prediction/training_cluster/ovary_neg.pred.using_intestine_model.txt; Input files updated by another job: ../../results/zebrafish_organs/sets/negSet/sequences/ovary.fasta, ../../results/zebrafish_organs/sets/posSet/sequences/intestine.fasta, ../../results/zebrafish_organs/train_model/intestine.model.txt
    wildcards: sample_to_score=ovary, sample=intestine
    resources: tmpdir=/var/folders/7c/65x0b2m90w39sqm5h28151rr0000gp/T

Select jobs to execute...
[Thu Aug 14 19:16:54 2025]
Finished jobid: 78 (Rule: PredictionOtherModel)
43 of 131 steps (33%) done
Execute 1 jobs...
[Thu Aug 14 19:16:54 2025]
localrule PredictionOtherModel:
    input: ../../results/zebrafish_organs/sets/posSet/sequences/intestine.fasta, ../../results/zebrafish_organs/sets/negSet/sequences/brain.fasta, ../../results/zebrafish_organs/train_model/intestine.model.txt
    output: ../../results/zebrafish_organs/prediction/training_cluster/brain_pos.pred.using_intestine_model.txt, ../../results/zebrafish_organs/prediction/training_cluster/brain_neg.pred.using_intestine_model.txt
    log: ../../results/zebrafish_organs/prediction/logOtherModel/brain_using_intestine.log
    jobid: 70
    reason: Missing output files: ../../results/zebrafish_organs/prediction/training_cluster/brain_pos.pred.using_intestine_model.txt, ../../results/zebrafish_organs/prediction/training_cluster/brain_neg.pred.using_intestine_model.txt; Input files updated by another job: ../../results/zebrafish_organs/sets/posSet/sequences/intestine.fasta, ../../results/zebrafish_organs/sets/negSet/sequences/brain.fasta, ../../results/zebrafish_organs/train_model/intestine.model.txt
    wildcards: sample_to_score=brain, sample=intestine
    resources: tmpdir=/var/folders/7c/65x0b2m90w39sqm5h28151rr0000gp/T

Select jobs to execute...
[Thu Aug 14 19:19:21 2025]
Finished jobid: 55 (Rule: cross_validation)
44 of 131 steps (34%) done
Execute 1 jobs...
[Thu Aug 14 19:19:21 2025]
localrule PredictionOtherModel:
    input: ../../results/zebrafish_organs/sets/posSet/sequences/intestine.fasta, ../../results/zebrafish_organs/sets/negSet/sequences/testis.fasta, ../../results/zebrafish_organs/train_model/intestine.model.txt
    output: ../../results/zebrafish_organs/prediction/training_cluster/testis_pos.pred.using_intestine_model.txt, ../../results/zebrafish_organs/prediction/training_cluster/testis_neg.pred.using_intestine_model.txt
    log: ../../results/zebrafish_organs/prediction/logOtherModel/testis_using_intestine.log
    jobid: 86
    reason: Missing output files: ../../results/zebrafish_organs/prediction/training_cluster/testis_neg.pred.using_intestine_model.txt, ../../results/zebrafish_organs/prediction/training_cluster/testis_pos.pred.using_intestine_model.txt; Input files updated by another job: ../../results/zebrafish_organs/sets/posSet/sequences/intestine.fasta, ../../results/zebrafish_organs/sets/negSet/sequences/testis.fasta, ../../results/zebrafish_organs/train_model/intestine.model.txt
    wildcards: sample_to_score=testis, sample=intestine
    resources: tmpdir=/var/folders/7c/65x0b2m90w39sqm5h28151rr0000gp/T

Select jobs to execute...
[Thu Aug 14 19:25:17 2025]
Finished jobid: 70 (Rule: PredictionOtherModel)
45 of 131 steps (34%) done
Execute 1 jobs...
[Thu Aug 14 19:25:17 2025]
localrule PredictionOtherModel:
    input: ../../results/zebrafish_organs/sets/posSet/sequences/intestine.fasta, ../../results/zebrafish_organs/sets/negSet/sequences/intestine.fasta, ../../results/zebrafish_organs/train_model/intestine.model.txt
    output: ../../results/zebrafish_organs/prediction/training_cluster/intestine_pos.pred.using_intestine_model.txt, ../../results/zebrafish_organs/prediction/training_cluster/intestine_neg.pred.using_intestine_model.txt
    log: ../../results/zebrafish_organs/prediction/logOtherModel/intestine_using_intestine.log
    jobid: 126
    reason: Missing output files: ../../results/zebrafish_organs/prediction/training_cluster/intestine_pos.pred.using_intestine_model.txt, ../../results/zebrafish_organs/prediction/training_cluster/intestine_neg.pred.using_intestine_model.txt; Input files updated by another job: ../../results/zebrafish_organs/sets/negSet/sequences/intestine.fasta, ../../results/zebrafish_organs/sets/posSet/sequences/intestine.fasta, ../../results/zebrafish_organs/train_model/intestine.model.txt
    wildcards: sample_to_score=intestine, sample=intestine
    resources: tmpdir=/var/folders/7c/65x0b2m90w39sqm5h28151rr0000gp/T

Select jobs to execute...
[Thu Aug 14 19:27:27 2025]
Finished jobid: 86 (Rule: PredictionOtherModel)
46 of 131 steps (35%) done
Execute 1 jobs...
[Thu Aug 14 19:27:27 2025]
localrule sequences:
    input: ../../results/zebrafish_organs/sets/negSet/bed_files/gills.bed
    output: ../../results/zebrafish_organs/sets/negSet/sequences/gills.fasta
    jobid: 32
    reason: Missing output files: ../../results/zebrafish_organs/sets/negSet/sequences/gills.fasta; Input files updated by another job: ../../results/zebrafish_organs/sets/negSet/bed_files/gills.bed
    wildcards: s_type=negSet, sample=gills
    resources: tmpdir=/var/folders/7c/65x0b2m90w39sqm5h28151rr0000gp/T

Select jobs to execute...
[Thu Aug 14 19:27:48 2025]
Finished jobid: 32 (Rule: sequences)
47 of 131 steps (36%) done
Execute 1 jobs...
[Thu Aug 14 19:27:48 2025]
localrule PredictionOtherModel:
    input: ../../results/zebrafish_organs/sets/posSet/sequences/ovary.fasta, ../../results/zebrafish_organs/sets/negSet/sequences/gills.fasta, ../../results/zebrafish_organs/train_model/ovary.model.txt
    output: ../../results/zebrafish_organs/prediction/training_cluster/gills_pos.pred.using_ovary_model.txt, ../../results/zebrafish_organs/prediction/training_cluster/gills_neg.pred.using_ovary_model.txt
    log: ../../results/zebrafish_organs/prediction/logOtherModel/gills_using_ovary.log
    jobid: 112
    reason: Missing output files: ../../results/zebrafish_organs/prediction/training_cluster/gills_neg.pred.using_ovary_model.txt, ../../results/zebrafish_organs/prediction/training_cluster/gills_pos.pred.using_ovary_model.txt; Input files updated by another job: ../../results/zebrafish_organs/sets/negSet/sequences/gills.fasta, ../../results/zebrafish_organs/train_model/ovary.model.txt
    wildcards: sample_to_score=gills, sample=ovary
    resources: tmpdir=/var/folders/7c/65x0b2m90w39sqm5h28151rr0000gp/T

Select jobs to execute...
[Thu Aug 14 19:31:57 2025]
Finished jobid: 126 (Rule: PredictionOtherModel)
48 of 131 steps (37%) done
Execute 1 jobs...
[Thu Aug 14 19:31:57 2025]
localrule PredictionOtherModel:
    input: ../../results/zebrafish_organs/sets/posSet/sequences/brain.fasta, ../../results/zebrafish_organs/sets/negSet/sequences/gills.fasta, ../../results/zebrafish_organs/train_model/brain.model.txt
    output: ../../results/zebrafish_organs/prediction/training_cluster/gills_pos.pred.using_brain_model.txt, ../../results/zebrafish_organs/prediction/training_cluster/gills_neg.pred.using_brain_model.txt
    log: ../../results/zebrafish_organs/prediction/logOtherModel/gills_using_brain.log
    jobid: 111
    reason: Missing output files: ../../results/zebrafish_organs/prediction/training_cluster/gills_neg.pred.using_brain_model.txt, ../../results/zebrafish_organs/prediction/training_cluster/gills_pos.pred.using_brain_model.txt; Input files updated by another job: ../../results/zebrafish_organs/train_model/brain.model.txt, ../../results/zebrafish_organs/sets/posSet/sequences/brain.fasta, ../../results/zebrafish_organs/sets/negSet/sequences/gills.fasta
    wildcards: sample_to_score=gills, sample=brain
    resources: tmpdir=/var/folders/7c/65x0b2m90w39sqm5h28151rr0000gp/T

Select jobs to execute...
[Thu Aug 14 19:37:40 2025]
Finished jobid: 62 (Rule: cross_validation)
49 of 131 steps (37%) done
Execute 1 jobs...
[Thu Aug 14 19:37:40 2025]
localrule PredictionOtherModel:
    input: ../../results/zebrafish_organs/sets/posSet/sequences/testis.fasta, ../../results/zebrafish_organs/sets/negSet/sequences/gills.fasta, ../../results/zebrafish_organs/train_model/testis.model.txt
    output: ../../results/zebrafish_organs/prediction/training_cluster/gills_pos.pred.using_testis_model.txt, ../../results/zebrafish_organs/prediction/training_cluster/gills_neg.pred.using_testis_model.txt
    log: ../../results/zebrafish_organs/prediction/logOtherModel/gills_using_testis.log
    jobid: 113
    reason: Missing output files: ../../results/zebrafish_organs/prediction/training_cluster/gills_pos.pred.using_testis_model.txt, ../../results/zebrafish_organs/prediction/training_cluster/gills_neg.pred.using_testis_model.txt; Input files updated by another job: ../../results/zebrafish_organs/sets/negSet/sequences/gills.fasta, ../../results/zebrafish_organs/train_model/testis.model.txt
    wildcards: sample_to_score=gills, sample=testis
    resources: tmpdir=/var/folders/7c/65x0b2m90w39sqm5h28151rr0000gp/T

Select jobs to execute...
[Thu Aug 14 19:39:20 2025]
Finished jobid: 112 (Rule: PredictionOtherModel)
50 of 131 steps (38%) done
Execute 1 jobs...
[Thu Aug 14 19:39:20 2025]
localrule PredictionOtherModel:
    input: ../../results/zebrafish_organs/sets/posSet/sequences/intestine.fasta, ../../results/zebrafish_organs/sets/negSet/sequences/gills.fasta, ../../results/zebrafish_organs/train_model/intestine.model.txt
    output: ../../results/zebrafish_organs/prediction/training_cluster/gills_pos.pred.using_intestine_model.txt, ../../results/zebrafish_organs/prediction/training_cluster/gills_neg.pred.using_intestine_model.txt
    log: ../../results/zebrafish_organs/prediction/logOtherModel/gills_using_intestine.log
    jobid: 118
    reason: Missing output files: ../../results/zebrafish_organs/prediction/training_cluster/gills_neg.pred.using_intestine_model.txt, ../../results/zebrafish_organs/prediction/training_cluster/gills_pos.pred.using_intestine_model.txt; Input files updated by another job: ../../results/zebrafish_organs/sets/negSet/sequences/gills.fasta, ../../results/zebrafish_organs/sets/posSet/sequences/intestine.fasta, ../../results/zebrafish_organs/train_model/intestine.model.txt
    wildcards: sample_to_score=gills, sample=intestine
    resources: tmpdir=/var/folders/7c/65x0b2m90w39sqm5h28151rr0000gp/T

Select jobs to execute...
[Thu Aug 14 19:40:24 2025]
Finished jobid: 111 (Rule: PredictionOtherModel)
51 of 131 steps (39%) done
Execute 1 jobs...
[Thu Aug 14 19:40:24 2025]
localrule train_ML:
    input: ../../results/zebrafish_organs/sets/posSet/sequences/gills.fasta, ../../results/zebrafish_organs/sets/negSet/sequences/gills.fasta
    output: ../../results/zebrafish_organs/train_model/gills.model.txt
    log: ../../results/zebrafish_organs/train_model/log/gills.log
    jobid: 51
    reason: Missing output files: ../../results/zebrafish_organs/train_model/gills.model.txt; Input files updated by another job: ../../results/zebrafish_organs/sets/negSet/sequences/gills.fasta, ../../results/zebrafish_organs/sets/posSet/sequences/gills.fasta
    wildcards: sample=gills
    resources: tmpdir=/var/folders/7c/65x0b2m90w39sqm5h28151rr0000gp/T

Select jobs to execute...
[Thu Aug 14 19:45:47 2025]
Finished jobid: 113 (Rule: PredictionOtherModel)
52 of 131 steps (40%) done
Execute 1 jobs...
[Thu Aug 14 19:45:47 2025]
localrule cross_validation:
    input: ../../results/zebrafish_organs/sets/posSet/sequences/gills.fasta, ../../results/zebrafish_organs/sets/negSet/sequences/gills.fasta
    output: ../../results/zebrafish_organs/cross_validation/gills.cvpred.txt
    log: ../../results/zebrafish_organs/cross_validation/log/gills.log
    jobid: 61
    reason: Missing output files: ../../results/zebrafish_organs/cross_validation/gills.cvpred.txt; Input files updated by another job: ../../results/zebrafish_organs/sets/negSet/sequences/gills.fasta, ../../results/zebrafish_organs/sets/posSet/sequences/gills.fasta
    wildcards: sample=gills
    resources: tmpdir=/var/folders/7c/65x0b2m90w39sqm5h28151rr0000gp/T

Select jobs to execute...
[Thu Aug 14 19:45:49 2025]
Finished jobid: 118 (Rule: PredictionOtherModel)
53 of 131 steps (40%) done
Execute 1 jobs...
[Thu Aug 14 19:45:49 2025]
localrule neg_bed_files:
    input: ../../results/zebrafish_organs/sets/posSet/bed_files/pectoral_fin.bed
    output: ../../results/zebrafish_organs/sets/negSet/bed_files/pectoral_fin.bed
    jobid: 31
    reason: Missing output files: ../../results/zebrafish_organs/sets/negSet/bed_files/pectoral_fin.bed
    wildcards: sample=pectoral_fin
    resources: tmpdir=/var/folders/7c/65x0b2m90w39sqm5h28151rr0000gp/T

Select jobs to execute...
[Thu Aug 14 19:51:14 2025]
Finished jobid: 51 (Rule: train_ML)
54 of 131 steps (41%) done
Execute 1 jobs...
[Thu Aug 14 19:51:14 2025]
localrule prediction:
    input: ../../data/zebrafish_organs/sequences/kmer.fa, ../../results/zebrafish_organs/train_model/gills.model.txt
    output: ../../results/zebrafish_organs/prediction/gills.pred.txt
    log: ../../results/zebrafish_organs/prediction/log/gills.log
    jobid: 50
    reason: Missing output files: ../../results/zebrafish_organs/prediction/gills.pred.txt; Input files updated by another job: ../../results/zebrafish_organs/train_model/gills.model.txt
    wildcards: sample=gills
    resources: tmpdir=/var/folders/7c/65x0b2m90w39sqm5h28151rr0000gp/T

Select jobs to execute...
[Thu Aug 14 19:52:58 2025]
Finished jobid: 50 (Rule: prediction)
55 of 131 steps (42%) done
Execute 1 jobs...
[Thu Aug 14 19:52:58 2025]
localrule sequences_scores:
    input: ../../results/zebrafish_organs/prediction/gills.pred.txt, ../../results/zebrafish_organs/sets/posSet/sequences/gills.fasta
    output: ../../results/zebrafish_organs/analyses/scores/scores_gills.csv
    jobid: 142
    reason: Missing output files: ../../results/zebrafish_organs/analyses/scores/scores_gills.csv; Input files updated by another job: ../../results/zebrafish_organs/sets/posSet/sequences/gills.fasta, ../../results/zebrafish_organs/prediction/gills.pred.txt
    wildcards: sample=gills
    resources: tmpdir=/var/folders/7c/65x0b2m90w39sqm5h28151rr0000gp/T

Select jobs to execute...
[Thu Aug 14 19:53:03 2025]
Finished jobid: 142 (Rule: sequences_scores)
56 of 131 steps (43%) done
Execute 1 jobs...
[Thu Aug 14 19:53:03 2025]
localrule PredictionOtherModel:
    input: ../../results/zebrafish_organs/sets/posSet/sequences/gills.fasta, ../../results/zebrafish_organs/sets/negSet/sequences/ovary.fasta, ../../results/zebrafish_organs/train_model/gills.model.txt
    output: ../../results/zebrafish_organs/prediction/training_cluster/ovary_pos.pred.using_gills_model.txt, ../../results/zebrafish_organs/prediction/training_cluster/ovary_neg.pred.using_gills_model.txt
    log: ../../results/zebrafish_organs/prediction/logOtherModel/ovary_using_gills.log
    jobid: 77
    reason: Missing output files: ../../results/zebrafish_organs/prediction/training_cluster/ovary_pos.pred.using_gills_model.txt, ../../results/zebrafish_organs/prediction/training_cluster/ovary_neg.pred.using_gills_model.txt; Input files updated by another job: ../../results/zebrafish_organs/sets/negSet/sequences/ovary.fasta, ../../results/zebrafish_organs/train_model/gills.model.txt, ../../results/zebrafish_organs/sets/posSet/sequences/gills.fasta
    wildcards: sample_to_score=ovary, sample=gills
    resources: tmpdir=/var/folders/7c/65x0b2m90w39sqm5h28151rr0000gp/T

Select jobs to execute...
[Thu Aug 14 20:03:06 2025]
Finished jobid: 31 (Rule: neg_bed_files)
57 of 131 steps (44%) done
Execute 1 jobs...
[Thu Aug 14 20:03:06 2025]
localrule PredictionOtherModel:
    input: ../../results/zebrafish_organs/sets/posSet/sequences/gills.fasta, ../../results/zebrafish_organs/sets/negSet/sequences/brain.fasta, ../../results/zebrafish_organs/train_model/gills.model.txt
    output: ../../results/zebrafish_organs/prediction/training_cluster/brain_pos.pred.using_gills_model.txt, ../../results/zebrafish_organs/prediction/training_cluster/brain_neg.pred.using_gills_model.txt
    log: ../../results/zebrafish_organs/prediction/logOtherModel/brain_using_gills.log
    jobid: 69
    reason: Missing output files: ../../results/zebrafish_organs/prediction/training_cluster/brain_pos.pred.using_gills_model.txt, ../../results/zebrafish_organs/prediction/training_cluster/brain_neg.pred.using_gills_model.txt; Input files updated by another job: ../../results/zebrafish_organs/train_model/gills.model.txt, ../../results/zebrafish_organs/sets/negSet/sequences/brain.fasta, ../../results/zebrafish_organs/sets/posSet/sequences/gills.fasta
    wildcards: sample_to_score=brain, sample=gills
    resources: tmpdir=/var/folders/7c/65x0b2m90w39sqm5h28151rr0000gp/T

Select jobs to execute...
[Thu Aug 14 20:06:01 2025]
Finished jobid: 77 (Rule: PredictionOtherModel)
58 of 131 steps (44%) done
Execute 1 jobs...
[Thu Aug 14 20:06:01 2025]
localrule PredictionOtherModel:
    input: ../../results/zebrafish_organs/sets/posSet/sequences/gills.fasta, ../../results/zebrafish_organs/sets/negSet/sequences/testis.fasta, ../../results/zebrafish_organs/train_model/gills.model.txt
    output: ../../results/zebrafish_organs/prediction/training_cluster/testis_pos.pred.using_gills_model.txt, ../../results/zebrafish_organs/prediction/training_cluster/testis_neg.pred.using_gills_model.txt
    log: ../../results/zebrafish_organs/prediction/logOtherModel/testis_using_gills.log
    jobid: 85
    reason: Missing output files: ../../results/zebrafish_organs/prediction/training_cluster/testis_neg.pred.using_gills_model.txt, ../../results/zebrafish_organs/prediction/training_cluster/testis_pos.pred.using_gills_model.txt; Input files updated by another job: ../../results/zebrafish_organs/train_model/gills.model.txt, ../../results/zebrafish_organs/sets/negSet/sequences/testis.fasta, ../../results/zebrafish_organs/sets/posSet/sequences/gills.fasta
    wildcards: sample_to_score=testis, sample=gills
    resources: tmpdir=/var/folders/7c/65x0b2m90w39sqm5h28151rr0000gp/T

Select jobs to execute...
[Thu Aug 14 20:12:24 2025]
Finished jobid: 69 (Rule: PredictionOtherModel)
59 of 131 steps (45%) done
Execute 1 jobs...
[Thu Aug 14 20:12:24 2025]
localrule PredictionOtherModel:
    input: ../../results/zebrafish_organs/sets/posSet/sequences/gills.fasta, ../../results/zebrafish_organs/sets/negSet/sequences/intestine.fasta, ../../results/zebrafish_organs/train_model/gills.model.txt
    output: ../../results/zebrafish_organs/prediction/training_cluster/intestine_pos.pred.using_gills_model.txt, ../../results/zebrafish_organs/prediction/training_cluster/intestine_neg.pred.using_gills_model.txt
    log: ../../results/zebrafish_organs/prediction/logOtherModel/intestine_using_gills.log
    jobid: 125
    reason: Missing output files: ../../results/zebrafish_organs/prediction/training_cluster/intestine_pos.pred.using_gills_model.txt, ../../results/zebrafish_organs/prediction/training_cluster/intestine_neg.pred.using_gills_model.txt; Input files updated by another job: ../../results/zebrafish_organs/sets/negSet/sequences/intestine.fasta, ../../results/zebrafish_organs/train_model/gills.model.txt, ../../results/zebrafish_organs/sets/posSet/sequences/gills.fasta
    wildcards: sample_to_score=intestine, sample=gills
    resources: tmpdir=/var/folders/7c/65x0b2m90w39sqm5h28151rr0000gp/T

Select jobs to execute...
[Thu Aug 14 20:15:02 2025]
Finished jobid: 85 (Rule: PredictionOtherModel)
60 of 131 steps (46%) done
Execute 1 jobs...
[Thu Aug 14 20:15:02 2025]
localrule PredictionOtherModel:
    input: ../../results/zebrafish_organs/sets/posSet/sequences/gills.fasta, ../../results/zebrafish_organs/sets/negSet/sequences/gills.fasta, ../../results/zebrafish_organs/train_model/gills.model.txt
    output: ../../results/zebrafish_organs/prediction/training_cluster/gills_pos.pred.using_gills_model.txt, ../../results/zebrafish_organs/prediction/training_cluster/gills_neg.pred.using_gills_model.txt
    log: ../../results/zebrafish_organs/prediction/logOtherModel/gills_using_gills.log
    jobid: 117
    reason: Missing output files: ../../results/zebrafish_organs/prediction/training_cluster/gills_pos.pred.using_gills_model.txt, ../../results/zebrafish_organs/prediction/training_cluster/gills_neg.pred.using_gills_model.txt; Input files updated by another job: ../../results/zebrafish_organs/sets/negSet/sequences/gills.fasta, ../../results/zebrafish_organs/train_model/gills.model.txt, ../../results/zebrafish_organs/sets/posSet/sequences/gills.fasta
    wildcards: sample_to_score=gills, sample=gills
    resources: tmpdir=/var/folders/7c/65x0b2m90w39sqm5h28151rr0000gp/T

Select jobs to execute...
[Thu Aug 14 20:19:35 2025]
Finished jobid: 125 (Rule: PredictionOtherModel)
61 of 131 steps (47%) done
Execute 1 jobs...
[Thu Aug 14 20:19:35 2025]
localrule sequences:
    input: ../../results/zebrafish_organs/sets/posSet/bed_files/pectoral_fin.bed
    output: ../../results/zebrafish_organs/sets/posSet/sequences/pectoral_fin.fasta
    jobid: 14
    reason: Missing output files: ../../results/zebrafish_organs/sets/posSet/sequences/pectoral_fin.fasta
    wildcards: s_type=posSet, sample=pectoral_fin
    resources: tmpdir=/var/folders/7c/65x0b2m90w39sqm5h28151rr0000gp/T

Select jobs to execute...
[Thu Aug 14 20:19:59 2025]
Finished jobid: 14 (Rule: sequences)
62 of 131 steps (47%) done
Execute 1 jobs...
[Thu Aug 14 20:19:59 2025]
localrule sequences:
    input: ../../results/zebrafish_organs/sets/negSet/bed_files/liver.bed
    output: ../../results/zebrafish_organs/sets/negSet/sequences/liver.fasta
    jobid: 28
    reason: Missing output files: ../../results/zebrafish_organs/sets/negSet/sequences/liver.fasta; Input files updated by another job: ../../results/zebrafish_organs/sets/negSet/bed_files/liver.bed
    wildcards: s_type=negSet, sample=liver
    resources: tmpdir=/var/folders/7c/65x0b2m90w39sqm5h28151rr0000gp/T

Select jobs to execute...
[Thu Aug 14 20:20:23 2025]
Finished jobid: 28 (Rule: sequences)
63 of 131 steps (48%) done
Execute 1 jobs...
[Thu Aug 14 20:20:23 2025]
localrule PredictionOtherModel:
    input: ../../results/zebrafish_organs/sets/posSet/sequences/ovary.fasta, ../../results/zebrafish_organs/sets/negSet/sequences/liver.fasta, ../../results/zebrafish_organs/train_model/ovary.model.txt
    output: ../../results/zebrafish_organs/prediction/training_cluster/liver_pos.pred.using_ovary_model.txt, ../../results/zebrafish_organs/prediction/training_cluster/liver_neg.pred.using_ovary_model.txt
    log: ../../results/zebrafish_organs/prediction/logOtherModel/liver_using_ovary.log
    jobid: 96
    reason: Missing output files: ../../results/zebrafish_organs/prediction/training_cluster/liver_neg.pred.using_ovary_model.txt, ../../results/zebrafish_organs/prediction/training_cluster/liver_pos.pred.using_ovary_model.txt; Input files updated by another job: ../../results/zebrafish_organs/sets/negSet/sequences/liver.fasta, ../../results/zebrafish_organs/train_model/ovary.model.txt
    wildcards: sample_to_score=liver, sample=ovary
    resources: tmpdir=/var/folders/7c/65x0b2m90w39sqm5h28151rr0000gp/T

Select jobs to execute...
[Thu Aug 14 20:22:07 2025]
Finished jobid: 117 (Rule: PredictionOtherModel)
64 of 131 steps (49%) done
Execute 1 jobs...
[Thu Aug 14 20:22:07 2025]
localrule PredictionOtherModel:
    input: ../../results/zebrafish_organs/sets/posSet/sequences/brain.fasta, ../../results/zebrafish_organs/sets/negSet/sequences/liver.fasta, ../../results/zebrafish_organs/train_model/brain.model.txt
    output: ../../results/zebrafish_organs/prediction/training_cluster/liver_pos.pred.using_brain_model.txt, ../../results/zebrafish_organs/prediction/training_cluster/liver_neg.pred.using_brain_model.txt
    log: ../../results/zebrafish_organs/prediction/logOtherModel/liver_using_brain.log
    jobid: 95
    reason: Missing output files: ../../results/zebrafish_organs/prediction/training_cluster/liver_neg.pred.using_brain_model.txt, ../../results/zebrafish_organs/prediction/training_cluster/liver_pos.pred.using_brain_model.txt; Input files updated by another job: ../../results/zebrafish_organs/train_model/brain.model.txt, ../../results/zebrafish_organs/sets/posSet/sequences/brain.fasta, ../../results/zebrafish_organs/sets/negSet/sequences/liver.fasta
    wildcards: sample_to_score=liver, sample=brain
    resources: tmpdir=/var/folders/7c/65x0b2m90w39sqm5h28151rr0000gp/T

Select jobs to execute...
[Thu Aug 14 20:31:01 2025]
Finished jobid: 95 (Rule: PredictionOtherModel)
65 of 131 steps (50%) done
Execute 1 jobs...
[Thu Aug 14 20:31:01 2025]
localrule PredictionOtherModel:
    input: ../../results/zebrafish_organs/sets/posSet/sequences/testis.fasta, ../../results/zebrafish_organs/sets/negSet/sequences/liver.fasta, ../../results/zebrafish_organs/train_model/testis.model.txt
    output: ../../results/zebrafish_organs/prediction/training_cluster/liver_pos.pred.using_testis_model.txt, ../../results/zebrafish_organs/prediction/training_cluster/liver_neg.pred.using_testis_model.txt
    log: ../../results/zebrafish_organs/prediction/logOtherModel/liver_using_testis.log
    jobid: 97
    reason: Missing output files: ../../results/zebrafish_organs/prediction/training_cluster/liver_neg.pred.using_testis_model.txt, ../../results/zebrafish_organs/prediction/training_cluster/liver_pos.pred.using_testis_model.txt; Input files updated by another job: ../../results/zebrafish_organs/train_model/testis.model.txt, ../../results/zebrafish_organs/sets/negSet/sequences/liver.fasta
    wildcards: sample_to_score=liver, sample=testis
    resources: tmpdir=/var/folders/7c/65x0b2m90w39sqm5h28151rr0000gp/T

Select jobs to execute...
[Thu Aug 14 20:32:53 2025]
Finished jobid: 96 (Rule: PredictionOtherModel)
66 of 131 steps (50%) done
Execute 1 jobs...
[Thu Aug 14 20:32:53 2025]
localrule PredictionOtherModel:
    input: ../../results/zebrafish_organs/sets/posSet/sequences/intestine.fasta, ../../results/zebrafish_organs/sets/negSet/sequences/liver.fasta, ../../results/zebrafish_organs/train_model/intestine.model.txt
    output: ../../results/zebrafish_organs/prediction/training_cluster/liver_pos.pred.using_intestine_model.txt, ../../results/zebrafish_organs/prediction/training_cluster/liver_neg.pred.using_intestine_model.txt
    log: ../../results/zebrafish_organs/prediction/logOtherModel/liver_using_intestine.log
    jobid: 102
    reason: Missing output files: ../../results/zebrafish_organs/prediction/training_cluster/liver_neg.pred.using_intestine_model.txt, ../../results/zebrafish_organs/prediction/training_cluster/liver_pos.pred.using_intestine_model.txt; Input files updated by another job: ../../results/zebrafish_organs/sets/posSet/sequences/intestine.fasta, ../../results/zebrafish_organs/sets/negSet/sequences/liver.fasta, ../../results/zebrafish_organs/train_model/intestine.model.txt
    wildcards: sample_to_score=liver, sample=intestine
    resources: tmpdir=/var/folders/7c/65x0b2m90w39sqm5h28151rr0000gp/T

Select jobs to execute...
[Thu Aug 14 20:37:31 2025]
Finished jobid: 61 (Rule: cross_validation)
67 of 131 steps (51%) done
Execute 1 jobs...
[Thu Aug 14 20:37:31 2025]
localrule PredictionOtherModel:
    input: ../../results/zebrafish_organs/sets/posSet/sequences/gills.fasta, ../../results/zebrafish_organs/sets/negSet/sequences/liver.fasta, ../../results/zebrafish_organs/train_model/gills.model.txt
    output: ../../results/zebrafish_organs/prediction/training_cluster/liver_pos.pred.using_gills_model.txt, ../../results/zebrafish_organs/prediction/training_cluster/liver_neg.pred.using_gills_model.txt
    log: ../../results/zebrafish_organs/prediction/logOtherModel/liver_using_gills.log
    jobid: 101
    reason: Missing output files: ../../results/zebrafish_organs/prediction/training_cluster/liver_pos.pred.using_gills_model.txt, ../../results/zebrafish_organs/prediction/training_cluster/liver_neg.pred.using_gills_model.txt; Input files updated by another job: ../../results/zebrafish_organs/train_model/gills.model.txt, ../../results/zebrafish_organs/sets/negSet/sequences/liver.fasta, ../../results/zebrafish_organs/sets/posSet/sequences/gills.fasta
    wildcards: sample_to_score=liver, sample=gills
    resources: tmpdir=/var/folders/7c/65x0b2m90w39sqm5h28151rr0000gp/T

Select jobs to execute...
[Thu Aug 14 20:40:09 2025]
Finished jobid: 102 (Rule: PredictionOtherModel)
68 of 131 steps (52%) done
Execute 1 jobs...
[Thu Aug 14 20:40:09 2025]
localrule train_ML:
    input: ../../results/zebrafish_organs/sets/posSet/sequences/liver.fasta, ../../results/zebrafish_organs/sets/negSet/sequences/liver.fasta
    output: ../../results/zebrafish_organs/train_model/liver.model.txt
    log: ../../results/zebrafish_organs/train_model/log/liver.log
    jobid: 47
    reason: Missing output files: ../../results/zebrafish_organs/train_model/liver.model.txt; Input files updated by another job: ../../results/zebrafish_organs/sets/negSet/sequences/liver.fasta, ../../results/zebrafish_organs/sets/posSet/sequences/liver.fasta
    wildcards: sample=liver
    resources: tmpdir=/var/folders/7c/65x0b2m90w39sqm5h28151rr0000gp/T

Select jobs to execute...
[Thu Aug 14 20:40:25 2025]
Finished jobid: 97 (Rule: PredictionOtherModel)
69 of 131 steps (53%) done
Execute 1 jobs...
[Thu Aug 14 20:40:25 2025]
localrule cross_validation:
    input: ../../results/zebrafish_organs/sets/posSet/sequences/liver.fasta, ../../results/zebrafish_organs/sets/negSet/sequences/liver.fasta
    output: ../../results/zebrafish_organs/cross_validation/liver.cvpred.txt
    log: ../../results/zebrafish_organs/cross_validation/log/liver.log
    jobid: 59
    reason: Missing output files: ../../results/zebrafish_organs/cross_validation/liver.cvpred.txt; Input files updated by another job: ../../results/zebrafish_organs/sets/negSet/sequences/liver.fasta, ../../results/zebrafish_organs/sets/posSet/sequences/liver.fasta
    wildcards: sample=liver
    resources: tmpdir=/var/folders/7c/65x0b2m90w39sqm5h28151rr0000gp/T

Select jobs to execute...
[Thu Aug 14 20:44:47 2025]
Finished jobid: 101 (Rule: PredictionOtherModel)
70 of 131 steps (53%) done
Execute 1 jobs...
[Thu Aug 14 20:44:47 2025]
localrule sequences:
    input: ../../results/zebrafish_organs/sets/negSet/bed_files/eye.bed
    output: ../../results/zebrafish_organs/sets/negSet/sequences/eye.fasta
    jobid: 26
    reason: Missing output files: ../../results/zebrafish_organs/sets/negSet/sequences/eye.fasta; Input files updated by another job: ../../results/zebrafish_organs/sets/negSet/bed_files/eye.bed
    wildcards: s_type=negSet, sample=eye
    resources: tmpdir=/var/folders/7c/65x0b2m90w39sqm5h28151rr0000gp/T

Select jobs to execute...
[Thu Aug 14 20:45:10 2025]
Finished jobid: 26 (Rule: sequences)
71 of 131 steps (54%) done
Execute 1 jobs...
[Thu Aug 14 20:45:10 2025]
localrule PredictionOtherModel:
    input: ../../results/zebrafish_organs/sets/posSet/sequences/ovary.fasta, ../../results/zebrafish_organs/sets/negSet/sequences/eye.fasta, ../../results/zebrafish_organs/train_model/ovary.model.txt
    output: ../../results/zebrafish_organs/prediction/training_cluster/eye_pos.pred.using_ovary_model.txt, ../../results/zebrafish_organs/prediction/training_cluster/eye_neg.pred.using_ovary_model.txt
    log: ../../results/zebrafish_organs/prediction/logOtherModel/eye_using_ovary.log
    jobid: 88
    reason: Missing output files: ../../results/zebrafish_organs/prediction/training_cluster/eye_pos.pred.using_ovary_model.txt, ../../results/zebrafish_organs/prediction/training_cluster/eye_neg.pred.using_ovary_model.txt; Input files updated by another job: ../../results/zebrafish_organs/sets/negSet/sequences/eye.fasta, ../../results/zebrafish_organs/train_model/ovary.model.txt
    wildcards: sample_to_score=eye, sample=ovary
    resources: tmpdir=/var/folders/7c/65x0b2m90w39sqm5h28151rr0000gp/T

Select jobs to execute...
[Thu Aug 14 20:49:32 2025]
Finished jobid: 47 (Rule: train_ML)
72 of 131 steps (55%) done
Execute 1 jobs...
[Thu Aug 14 20:49:32 2025]
localrule prediction:
    input: ../../data/zebrafish_organs/sequences/kmer.fa, ../../results/zebrafish_organs/train_model/liver.model.txt
    output: ../../results/zebrafish_organs/prediction/liver.pred.txt
    log: ../../results/zebrafish_organs/prediction/log/liver.log
    jobid: 46
    reason: Missing output files: ../../results/zebrafish_organs/prediction/liver.pred.txt; Input files updated by another job: ../../results/zebrafish_organs/train_model/liver.model.txt
    wildcards: sample=liver
    resources: tmpdir=/var/folders/7c/65x0b2m90w39sqm5h28151rr0000gp/T

Select jobs to execute...
[Thu Aug 14 20:51:07 2025]
Finished jobid: 46 (Rule: prediction)
73 of 131 steps (56%) done
Execute 1 jobs...
[Thu Aug 14 20:51:07 2025]
localrule sequences_scores:
    input: ../../results/zebrafish_organs/prediction/liver.pred.txt, ../../results/zebrafish_organs/sets/posSet/sequences/liver.fasta
    output: ../../results/zebrafish_organs/analyses/scores/scores_liver.csv
    jobid: 140
    reason: Missing output files: ../../results/zebrafish_organs/analyses/scores/scores_liver.csv; Input files updated by another job: ../../results/zebrafish_organs/sets/posSet/sequences/liver.fasta, ../../results/zebrafish_organs/prediction/liver.pred.txt
    wildcards: sample=liver
    resources: tmpdir=/var/folders/7c/65x0b2m90w39sqm5h28151rr0000gp/T

Select jobs to execute...
[Thu Aug 14 20:51:11 2025]
Finished jobid: 140 (Rule: sequences_scores)
74 of 131 steps (56%) done
Execute 1 jobs...
[Thu Aug 14 20:51:11 2025]
localrule PredictionOtherModel:
    input: ../../results/zebrafish_organs/sets/posSet/sequences/brain.fasta, ../../results/zebrafish_organs/sets/negSet/sequences/eye.fasta, ../../results/zebrafish_organs/train_model/brain.model.txt
    output: ../../results/zebrafish_organs/prediction/training_cluster/eye_pos.pred.using_brain_model.txt, ../../results/zebrafish_organs/prediction/training_cluster/eye_neg.pred.using_brain_model.txt
    log: ../../results/zebrafish_organs/prediction/logOtherModel/eye_using_brain.log
    jobid: 87
    reason: Missing output files: ../../results/zebrafish_organs/prediction/training_cluster/eye_neg.pred.using_brain_model.txt, ../../results/zebrafish_organs/prediction/training_cluster/eye_pos.pred.using_brain_model.txt; Input files updated by another job: ../../results/zebrafish_organs/train_model/brain.model.txt, ../../results/zebrafish_organs/sets/negSet/sequences/eye.fasta, ../../results/zebrafish_organs/sets/posSet/sequences/brain.fasta
    wildcards: sample_to_score=eye, sample=brain
    resources: tmpdir=/var/folders/7c/65x0b2m90w39sqm5h28151rr0000gp/T

Select jobs to execute...
[Thu Aug 14 20:56:07 2025]
Finished jobid: 88 (Rule: PredictionOtherModel)
75 of 131 steps (57%) done
Execute 1 jobs...
[Thu Aug 14 20:56:07 2025]
localrule PredictionOtherModel:
    input: ../../results/zebrafish_organs/sets/posSet/sequences/testis.fasta, ../../results/zebrafish_organs/sets/negSet/sequences/eye.fasta, ../../results/zebrafish_organs/train_model/testis.model.txt
    output: ../../results/zebrafish_organs/prediction/training_cluster/eye_pos.pred.using_testis_model.txt, ../../results/zebrafish_organs/prediction/training_cluster/eye_neg.pred.using_testis_model.txt
    log: ../../results/zebrafish_organs/prediction/logOtherModel/eye_using_testis.log
    jobid: 89
    reason: Missing output files: ../../results/zebrafish_organs/prediction/training_cluster/eye_pos.pred.using_testis_model.txt, ../../results/zebrafish_organs/prediction/training_cluster/eye_neg.pred.using_testis_model.txt; Input files updated by another job: ../../results/zebrafish_organs/sets/negSet/sequences/eye.fasta, ../../results/zebrafish_organs/train_model/testis.model.txt
    wildcards: sample_to_score=eye, sample=testis
    resources: tmpdir=/var/folders/7c/65x0b2m90w39sqm5h28151rr0000gp/T

Select jobs to execute...
[Thu Aug 14 20:59:10 2025]
Finished jobid: 87 (Rule: PredictionOtherModel)
76 of 131 steps (58%) done
Execute 1 jobs...
[Thu Aug 14 20:59:10 2025]
localrule PredictionOtherModel:
    input: ../../results/zebrafish_organs/sets/posSet/sequences/liver.fasta, ../../results/zebrafish_organs/sets/negSet/sequences/ovary.fasta, ../../results/zebrafish_organs/train_model/liver.model.txt
    output: ../../results/zebrafish_organs/prediction/training_cluster/ovary_pos.pred.using_liver_model.txt, ../../results/zebrafish_organs/prediction/training_cluster/ovary_neg.pred.using_liver_model.txt
    log: ../../results/zebrafish_organs/prediction/logOtherModel/ovary_using_liver.log
    jobid: 75
    reason: Missing output files: ../../results/zebrafish_organs/prediction/training_cluster/ovary_neg.pred.using_liver_model.txt, ../../results/zebrafish_organs/prediction/training_cluster/ovary_pos.pred.using_liver_model.txt; Input files updated by another job: ../../results/zebrafish_organs/train_model/liver.model.txt, ../../results/zebrafish_organs/sets/negSet/sequences/ovary.fasta, ../../results/zebrafish_organs/sets/posSet/sequences/liver.fasta
    wildcards: sample_to_score=ovary, sample=liver
    resources: tmpdir=/var/folders/7c/65x0b2m90w39sqm5h28151rr0000gp/T

Select jobs to execute...
[Thu Aug 14 21:03:46 2025]
Finished jobid: 89 (Rule: PredictionOtherModel)
77 of 131 steps (59%) done
Execute 1 jobs...
[Thu Aug 14 21:03:46 2025]
localrule PredictionOtherModel:
    input: ../../results/zebrafish_organs/sets/posSet/sequences/liver.fasta, ../../results/zebrafish_organs/sets/negSet/sequences/brain.fasta, ../../results/zebrafish_organs/train_model/liver.model.txt
    output: ../../results/zebrafish_organs/prediction/training_cluster/brain_pos.pred.using_liver_model.txt, ../../results/zebrafish_organs/prediction/training_cluster/brain_neg.pred.using_liver_model.txt
    log: ../../results/zebrafish_organs/prediction/logOtherModel/brain_using_liver.log
    jobid: 67
    reason: Missing output files: ../../results/zebrafish_organs/prediction/training_cluster/brain_pos.pred.using_liver_model.txt, ../../results/zebrafish_organs/prediction/training_cluster/brain_neg.pred.using_liver_model.txt; Input files updated by another job: ../../results/zebrafish_organs/train_model/liver.model.txt, ../../results/zebrafish_organs/sets/negSet/sequences/brain.fasta, ../../results/zebrafish_organs/sets/posSet/sequences/liver.fasta
    wildcards: sample_to_score=brain, sample=liver
    resources: tmpdir=/var/folders/7c/65x0b2m90w39sqm5h28151rr0000gp/T

Select jobs to execute...
[Thu Aug 14 21:10:08 2025]
Finished jobid: 75 (Rule: PredictionOtherModel)
78 of 131 steps (60%) done
Execute 1 jobs...
[Thu Aug 14 21:10:08 2025]
localrule PredictionOtherModel:
    input: ../../results/zebrafish_organs/sets/posSet/sequences/liver.fasta, ../../results/zebrafish_organs/sets/negSet/sequences/testis.fasta, ../../results/zebrafish_organs/train_model/liver.model.txt
    output: ../../results/zebrafish_organs/prediction/training_cluster/testis_pos.pred.using_liver_model.txt, ../../results/zebrafish_organs/prediction/training_cluster/testis_neg.pred.using_liver_model.txt
    log: ../../results/zebrafish_organs/prediction/logOtherModel/testis_using_liver.log
    jobid: 83
    reason: Missing output files: ../../results/zebrafish_organs/prediction/training_cluster/testis_pos.pred.using_liver_model.txt, ../../results/zebrafish_organs/prediction/training_cluster/testis_neg.pred.using_liver_model.txt; Input files updated by another job: ../../results/zebrafish_organs/train_model/liver.model.txt, ../../results/zebrafish_organs/sets/negSet/sequences/testis.fasta, ../../results/zebrafish_organs/sets/posSet/sequences/liver.fasta
    wildcards: sample_to_score=testis, sample=liver
    resources: tmpdir=/var/folders/7c/65x0b2m90w39sqm5h28151rr0000gp/T

Select jobs to execute...
[Thu Aug 14 21:12:00 2025]
Finished jobid: 67 (Rule: PredictionOtherModel)
79 of 131 steps (60%) done
Execute 1 jobs...
[Thu Aug 14 21:12:00 2025]
localrule PredictionOtherModel:
    input: ../../results/zebrafish_organs/sets/posSet/sequences/intestine.fasta, ../../results/zebrafish_organs/sets/negSet/sequences/eye.fasta, ../../results/zebrafish_organs/train_model/intestine.model.txt
    output: ../../results/zebrafish_organs/prediction/training_cluster/eye_pos.pred.using_intestine_model.txt, ../../results/zebrafish_organs/prediction/training_cluster/eye_neg.pred.using_intestine_model.txt
    log: ../../results/zebrafish_organs/prediction/logOtherModel/eye_using_intestine.log
    jobid: 94
    reason: Missing output files: ../../results/zebrafish_organs/prediction/training_cluster/eye_neg.pred.using_intestine_model.txt, ../../results/zebrafish_organs/prediction/training_cluster/eye_pos.pred.using_intestine_model.txt; Input files updated by another job: ../../results/zebrafish_organs/sets/posSet/sequences/intestine.fasta, ../../results/zebrafish_organs/sets/negSet/sequences/eye.fasta, ../../results/zebrafish_organs/train_model/intestine.model.txt
    wildcards: sample_to_score=eye, sample=intestine
    resources: tmpdir=/var/folders/7c/65x0b2m90w39sqm5h28151rr0000gp/T

Select jobs to execute...
[Thu Aug 14 21:25:36 2025]
Finished jobid: 59 (Rule: cross_validation)
80 of 131 steps (61%) done
Execute 1 jobs...
[Thu Aug 14 21:25:39 2025]
localrule PredictionOtherModel:
    input: ../../results/zebrafish_organs/sets/posSet/sequences/gills.fasta, ../../results/zebrafish_organs/sets/negSet/sequences/eye.fasta, ../../results/zebrafish_organs/train_model/gills.model.txt
    output: ../../results/zebrafish_organs/prediction/training_cluster/eye_pos.pred.using_gills_model.txt, ../../results/zebrafish_organs/prediction/training_cluster/eye_neg.pred.using_gills_model.txt
    log: ../../results/zebrafish_organs/prediction/logOtherModel/eye_using_gills.log
    jobid: 93
    reason: Missing output files: ../../results/zebrafish_organs/prediction/training_cluster/eye_pos.pred.using_gills_model.txt, ../../results/zebrafish_organs/prediction/training_cluster/eye_neg.pred.using_gills_model.txt; Input files updated by another job: ../../results/zebrafish_organs/sets/negSet/sequences/eye.fasta, ../../results/zebrafish_organs/train_model/gills.model.txt, ../../results/zebrafish_organs/sets/posSet/sequences/gills.fasta
    wildcards: sample_to_score=eye, sample=gills
    resources: tmpdir=/var/folders/7c/65x0b2m90w39sqm5h28151rr0000gp/T

Select jobs to execute...
[Fri Aug 15 08:18:22 2025]
Finished jobid: 83 (Rule: PredictionOtherModel)
81 of 131 steps (62%) done
Execute 1 jobs...
[Fri Aug 15 08:18:22 2025]
localrule PredictionOtherModel:
    input: ../../results/zebrafish_organs/sets/posSet/sequences/liver.fasta, ../../results/zebrafish_organs/sets/negSet/sequences/intestine.fasta, ../../results/zebrafish_organs/train_model/liver.model.txt
    output: ../../results/zebrafish_organs/prediction/training_cluster/intestine_pos.pred.using_liver_model.txt, ../../results/zebrafish_organs/prediction/training_cluster/intestine_neg.pred.using_liver_model.txt
    log: ../../results/zebrafish_organs/prediction/logOtherModel/intestine_using_liver.log
    jobid: 123
    reason: Missing output files: ../../results/zebrafish_organs/prediction/training_cluster/intestine_pos.pred.using_liver_model.txt, ../../results/zebrafish_organs/prediction/training_cluster/intestine_neg.pred.using_liver_model.txt; Input files updated by another job: ../../results/zebrafish_organs/train_model/liver.model.txt, ../../results/zebrafish_organs/sets/negSet/sequences/intestine.fasta, ../../results/zebrafish_organs/sets/posSet/sequences/liver.fasta
    wildcards: sample_to_score=intestine, sample=liver
    resources: tmpdir=/var/folders/7c/65x0b2m90w39sqm5h28151rr0000gp/T

Select jobs to execute...
[Fri Aug 15 08:18:34 2025]
Finished jobid: 94 (Rule: PredictionOtherModel)
82 of 131 steps (63%) done
Execute 1 jobs...
[Fri Aug 15 08:18:34 2025]
localrule PredictionOtherModel:
    input: ../../results/zebrafish_organs/sets/posSet/sequences/liver.fasta, ../../results/zebrafish_organs/sets/negSet/sequences/gills.fasta, ../../results/zebrafish_organs/train_model/liver.model.txt
    output: ../../results/zebrafish_organs/prediction/training_cluster/gills_pos.pred.using_liver_model.txt, ../../results/zebrafish_organs/prediction/training_cluster/gills_neg.pred.using_liver_model.txt
    log: ../../results/zebrafish_organs/prediction/logOtherModel/gills_using_liver.log
    jobid: 115
    reason: Missing output files: ../../results/zebrafish_organs/prediction/training_cluster/gills_pos.pred.using_liver_model.txt, ../../results/zebrafish_organs/prediction/training_cluster/gills_neg.pred.using_liver_model.txt; Input files updated by another job: ../../results/zebrafish_organs/train_model/liver.model.txt, ../../results/zebrafish_organs/sets/negSet/sequences/gills.fasta, ../../results/zebrafish_organs/sets/posSet/sequences/liver.fasta
    wildcards: sample_to_score=gills, sample=liver
    resources: tmpdir=/var/folders/7c/65x0b2m90w39sqm5h28151rr0000gp/T

Select jobs to execute...
