Assuming unrestricted shared filesystem usage.
None
host: wl5s-254-25.unil.ch
Building DAG of jobs...
Using shell: /bin/bash
Provided cores: 1 (use --cores to define parallelism)
Rules claiming more threads will be scaled down.
Job stats:
job                          count
-------------------------  -------
PredictionOtherModel             7
all                              1
combined_sequences_scores        1
heatmap                          1
pred_AUC_OtherModel              1
prediction                       1
scores                           1
sequences_scores                 2
simple_AUC                       1
total                           16

Select jobs to execute...
Execute 1 jobs...
[Fri Aug 15 10:06:05 2025]
localrule prediction:
    input: ../../data/zebrafish_organs/sequences/kmer.fa, ../../results/zebrafish_organs/train_model/testis.model.txt
    output: ../../results/zebrafish_organs/prediction/testis.pred.txt
    log: ../../results/zebrafish_organs/prediction/log/testis.log
    jobid: 42
    reason: Missing output files: ../../results/zebrafish_organs/prediction/testis.pred.txt
    wildcards: sample=testis
    resources: tmpdir=/var/folders/7c/65x0b2m90w39sqm5h28151rr0000gp/T

Select jobs to execute...
[Fri Aug 15 10:07:31 2025]
Finished jobid: 42 (Rule: prediction)
1 of 16 steps (6%) done
Execute 1 jobs...
[Fri Aug 15 10:07:31 2025]
localrule scores:
    input: ../../results/zebrafish_organs/prediction/brain.pred.txt, ../../results/zebrafish_organs/prediction/ovary.pred.txt, ../../results/zebrafish_organs/prediction/testis.pred.txt, ../../results/zebrafish_organs/prediction/eye.pred.txt, ../../results/zebrafish_organs/prediction/liver.pred.txt, ../../results/zebrafish_organs/prediction/pectoral_fin.pred.txt, ../../results/zebrafish_organs/prediction/gills.pred.txt, ../../results/zebrafish_organs/prediction/intestine.pred.txt
    output: ../../results/zebrafish_organs/prediction/scores.csv
    jobid: 37
    reason: Missing output files: ../../results/zebrafish_organs/prediction/scores.csv; Input files updated by another job: ../../results/zebrafish_organs/prediction/testis.pred.txt
    resources: tmpdir=/var/folders/7c/65x0b2m90w39sqm5h28151rr0000gp/T

Select jobs to execute...
[Fri Aug 15 10:07:46 2025]
Finished jobid: 37 (Rule: scores)
2 of 16 steps (12%) done
Execute 1 jobs...
[Fri Aug 15 10:07:46 2025]
localrule heatmap:
    input: ../../results/zebrafish_organs/prediction/scores.csv
    output: ../../results/zebrafish_organs/analyses/heatmap.pdf
    jobid: 36
    reason: Missing output files: ../../results/zebrafish_organs/analyses/heatmap.pdf; Input files updated by another job: ../../results/zebrafish_organs/prediction/scores.csv
    resources: tmpdir=/var/folders/7c/65x0b2m90w39sqm5h28151rr0000gp/T

Select jobs to execute...
[Fri Aug 15 10:08:07 2025]
Finished jobid: 36 (Rule: heatmap)
3 of 16 steps (19%) done
Execute 1 jobs...
[Fri Aug 15 10:08:07 2025]
localrule sequences_scores:
    input: ../../results/zebrafish_organs/prediction/testis.pred.txt, ../../results/zebrafish_organs/sets/posSet/sequences/testis.fasta
    output: ../../results/zebrafish_organs/analyses/scores/scores_testis.csv
    jobid: 138
    reason: Input files updated by another job: ../../results/zebrafish_organs/prediction/testis.pred.txt
    wildcards: sample=testis
    resources: tmpdir=/var/folders/7c/65x0b2m90w39sqm5h28151rr0000gp/T

Select jobs to execute...
[Fri Aug 15 10:08:12 2025]
Finished jobid: 138 (Rule: sequences_scores)
4 of 16 steps (25%) done
Execute 1 jobs...
[Fri Aug 15 10:08:12 2025]
localrule sequences_scores:
    input: ../../results/zebrafish_organs/prediction/pectoral_fin.pred.txt, ../../results/zebrafish_organs/sets/posSet/sequences/pectoral_fin.fasta
    output: ../../results/zebrafish_organs/analyses/scores/scores_pectoral_fin.csv
    jobid: 141
    reason: Missing output files: ../../results/zebrafish_organs/analyses/scores/scores_pectoral_fin.csv
    wildcards: sample=pectoral_fin
    resources: tmpdir=/var/folders/7c/65x0b2m90w39sqm5h28151rr0000gp/T

Select jobs to execute...
[Fri Aug 15 10:08:15 2025]
Finished jobid: 141 (Rule: sequences_scores)
5 of 16 steps (31%) done
Execute 1 jobs...
[Fri Aug 15 10:08:15 2025]
localrule PredictionOtherModel:
    input: ../../results/zebrafish_organs/sets/posSet/sequences/pectoral_fin.fasta, ../../results/zebrafish_organs/sets/negSet/sequences/brain.fasta, ../../results/zebrafish_organs/train_model/pectoral_fin.model.txt
    output: ../../results/zebrafish_organs/prediction/training_cluster/brain_pos.pred.using_pectoral_fin_model.txt, ../../results/zebrafish_organs/prediction/training_cluster/brain_neg.pred.using_pectoral_fin_model.txt
    log: ../../results/zebrafish_organs/prediction/logOtherModel/brain_using_pectoral_fin.log
    jobid: 68
    reason: Missing output files: ../../results/zebrafish_organs/prediction/training_cluster/brain_neg.pred.using_pectoral_fin_model.txt, ../../results/zebrafish_organs/prediction/training_cluster/brain_pos.pred.using_pectoral_fin_model.txt
    wildcards: sample_to_score=brain, sample=pectoral_fin
    resources: tmpdir=/var/folders/7c/65x0b2m90w39sqm5h28151rr0000gp/T

Select jobs to execute...
[Fri Aug 15 10:14:25 2025]
Finished jobid: 68 (Rule: PredictionOtherModel)
6 of 16 steps (38%) done
Execute 1 jobs...
[Fri Aug 15 10:14:26 2025]
localrule PredictionOtherModel:
    input: ../../results/zebrafish_organs/sets/posSet/sequences/pectoral_fin.fasta, ../../results/zebrafish_organs/sets/negSet/sequences/testis.fasta, ../../results/zebrafish_organs/train_model/pectoral_fin.model.txt
    output: ../../results/zebrafish_organs/prediction/training_cluster/testis_pos.pred.using_pectoral_fin_model.txt, ../../results/zebrafish_organs/prediction/training_cluster/testis_neg.pred.using_pectoral_fin_model.txt
    log: ../../results/zebrafish_organs/prediction/logOtherModel/testis_using_pectoral_fin.log
    jobid: 84
    reason: Missing output files: ../../results/zebrafish_organs/prediction/training_cluster/testis_pos.pred.using_pectoral_fin_model.txt, ../../results/zebrafish_organs/prediction/training_cluster/testis_neg.pred.using_pectoral_fin_model.txt
    wildcards: sample_to_score=testis, sample=pectoral_fin
    resources: tmpdir=/var/folders/7c/65x0b2m90w39sqm5h28151rr0000gp/T

Select jobs to execute...
[Fri Aug 15 10:20:12 2025]
Finished jobid: 84 (Rule: PredictionOtherModel)
7 of 16 steps (44%) done
Execute 1 jobs...
[Fri Aug 15 10:20:12 2025]
localrule PredictionOtherModel:
    input: ../../results/zebrafish_organs/sets/posSet/sequences/pectoral_fin.fasta, ../../results/zebrafish_organs/sets/negSet/sequences/intestine.fasta, ../../results/zebrafish_organs/train_model/pectoral_fin.model.txt
    output: ../../results/zebrafish_organs/prediction/training_cluster/intestine_pos.pred.using_pectoral_fin_model.txt, ../../results/zebrafish_organs/prediction/training_cluster/intestine_neg.pred.using_pectoral_fin_model.txt
    log: ../../results/zebrafish_organs/prediction/logOtherModel/intestine_using_pectoral_fin.log
    jobid: 124
    reason: Missing output files: ../../results/zebrafish_organs/prediction/training_cluster/intestine_pos.pred.using_pectoral_fin_model.txt, ../../results/zebrafish_organs/prediction/training_cluster/intestine_neg.pred.using_pectoral_fin_model.txt
    wildcards: sample_to_score=intestine, sample=pectoral_fin
    resources: tmpdir=/var/folders/7c/65x0b2m90w39sqm5h28151rr0000gp/T

Select jobs to execute...
[Fri Aug 15 10:24:33 2025]
Finished jobid: 124 (Rule: PredictionOtherModel)
8 of 16 steps (50%) done
Execute 1 jobs...
[Fri Aug 15 10:24:33 2025]
localrule PredictionOtherModel:
    input: ../../results/zebrafish_organs/sets/posSet/sequences/pectoral_fin.fasta, ../../results/zebrafish_organs/sets/negSet/sequences/gills.fasta, ../../results/zebrafish_organs/train_model/pectoral_fin.model.txt
    output: ../../results/zebrafish_organs/prediction/training_cluster/gills_pos.pred.using_pectoral_fin_model.txt, ../../results/zebrafish_organs/prediction/training_cluster/gills_neg.pred.using_pectoral_fin_model.txt
    log: ../../results/zebrafish_organs/prediction/logOtherModel/gills_using_pectoral_fin.log
    jobid: 116
    reason: Missing output files: ../../results/zebrafish_organs/prediction/training_cluster/gills_pos.pred.using_pectoral_fin_model.txt, ../../results/zebrafish_organs/prediction/training_cluster/gills_neg.pred.using_pectoral_fin_model.txt
    wildcards: sample_to_score=gills, sample=pectoral_fin
    resources: tmpdir=/var/folders/7c/65x0b2m90w39sqm5h28151rr0000gp/T

Select jobs to execute...
[Fri Aug 15 10:29:09 2025]
Finished jobid: 116 (Rule: PredictionOtherModel)
9 of 16 steps (56%) done
Execute 1 jobs...
[Fri Aug 15 10:29:09 2025]
localrule PredictionOtherModel:
    input: ../../results/zebrafish_organs/sets/posSet/sequences/pectoral_fin.fasta, ../../results/zebrafish_organs/sets/negSet/sequences/eye.fasta, ../../results/zebrafish_organs/train_model/pectoral_fin.model.txt
    output: ../../results/zebrafish_organs/prediction/training_cluster/eye_pos.pred.using_pectoral_fin_model.txt, ../../results/zebrafish_organs/prediction/training_cluster/eye_neg.pred.using_pectoral_fin_model.txt
    log: ../../results/zebrafish_organs/prediction/logOtherModel/eye_using_pectoral_fin.log
    jobid: 92
    reason: Missing output files: ../../results/zebrafish_organs/prediction/training_cluster/eye_pos.pred.using_pectoral_fin_model.txt, ../../results/zebrafish_organs/prediction/training_cluster/eye_neg.pred.using_pectoral_fin_model.txt
    wildcards: sample_to_score=eye, sample=pectoral_fin
    resources: tmpdir=/var/folders/7c/65x0b2m90w39sqm5h28151rr0000gp/T

Select jobs to execute...
[Fri Aug 15 10:33:05 2025]
Finished jobid: 92 (Rule: PredictionOtherModel)
10 of 16 steps (62%) done
Execute 1 jobs...
[Fri Aug 15 10:33:05 2025]
localrule PredictionOtherModel:
    input: ../../results/zebrafish_organs/sets/posSet/sequences/pectoral_fin.fasta, ../../results/zebrafish_organs/sets/negSet/sequences/liver.fasta, ../../results/zebrafish_organs/train_model/pectoral_fin.model.txt
    output: ../../results/zebrafish_organs/prediction/training_cluster/liver_pos.pred.using_pectoral_fin_model.txt, ../../results/zebrafish_organs/prediction/training_cluster/liver_neg.pred.using_pectoral_fin_model.txt
    log: ../../results/zebrafish_organs/prediction/logOtherModel/liver_using_pectoral_fin.log
    jobid: 100
    reason: Missing output files: ../../results/zebrafish_organs/prediction/training_cluster/liver_neg.pred.using_pectoral_fin_model.txt, ../../results/zebrafish_organs/prediction/training_cluster/liver_pos.pred.using_pectoral_fin_model.txt
    wildcards: sample_to_score=liver, sample=pectoral_fin
    resources: tmpdir=/var/folders/7c/65x0b2m90w39sqm5h28151rr0000gp/T

Select jobs to execute...
[Fri Aug 15 10:36:53 2025]
Finished jobid: 100 (Rule: PredictionOtherModel)
11 of 16 steps (69%) done
Execute 1 jobs...
[Fri Aug 15 10:36:53 2025]
localrule PredictionOtherModel:
    input: ../../results/zebrafish_organs/sets/posSet/sequences/pectoral_fin.fasta, ../../results/zebrafish_organs/sets/negSet/sequences/pectoral_fin.fasta, ../../results/zebrafish_organs/train_model/pectoral_fin.model.txt
    output: ../../results/zebrafish_organs/prediction/training_cluster/pectoral_fin_pos.pred.using_pectoral_fin_model.txt, ../../results/zebrafish_organs/prediction/training_cluster/pectoral_fin_neg.pred.using_pectoral_fin_model.txt
    log: ../../results/zebrafish_organs/prediction/logOtherModel/pectoral_fin_using_pectoral_fin.log
    jobid: 108
    reason: Missing output files: ../../results/zebrafish_organs/prediction/training_cluster/pectoral_fin_pos.pred.using_pectoral_fin_model.txt, ../../results/zebrafish_organs/prediction/training_cluster/pectoral_fin_neg.pred.using_pectoral_fin_model.txt
    wildcards: sample_to_score=pectoral_fin, sample=pectoral_fin
    resources: tmpdir=/var/folders/7c/65x0b2m90w39sqm5h28151rr0000gp/T

Select jobs to execute...
[Fri Aug 15 10:40:21 2025]
Finished jobid: 108 (Rule: PredictionOtherModel)
12 of 16 steps (75%) done
Execute 1 jobs...
[Fri Aug 15 10:40:21 2025]
localrule simple_AUC:
    input: ../../results/zebrafish_organs/cross_validation/brain.cvpred.txt, ../../results/zebrafish_organs/cross_validation/ovary.cvpred.txt, ../../results/zebrafish_organs/cross_validation/testis.cvpred.txt, ../../results/zebrafish_organs/cross_validation/eye.cvpred.txt, ../../results/zebrafish_organs/cross_validation/liver.cvpred.txt, ../../results/zebrafish_organs/cross_validation/pectoral_fin.cvpred.txt, ../../results/zebrafish_organs/cross_validation/gills.cvpred.txt, ../../results/zebrafish_organs/cross_validation/intestine.cvpred.txt
    output: ../../results/zebrafish_organs/analyses/AUC/AUC.pdf
    jobid: 54
    reason: Missing output files: ../../results/zebrafish_organs/analyses/AUC/AUC.pdf
    resources: tmpdir=/var/folders/7c/65x0b2m90w39sqm5h28151rr0000gp/T

Select jobs to execute...
[Fri Aug 15 10:40:23 2025]
Finished jobid: 54 (Rule: simple_AUC)
13 of 16 steps (81%) done
Execute 1 jobs...
[Fri Aug 15 10:40:23 2025]
localrule pred_AUC_OtherModel:
    input: ../../results/zebrafish_organs/prediction/training_cluster/brain_pos.pred.using_pectoral_fin_model.txt, ../../results/zebrafish_organs/prediction/training_cluster/ovary_pos.pred.using_pectoral_fin_model.txt, ../../results/zebrafish_organs/prediction/training_cluster/testis_pos.pred.using_pectoral_fin_model.txt, ../../results/zebrafish_organs/prediction/training_cluster/eye_pos.pred.using_pectoral_fin_model.txt, ../../results/zebrafish_organs/prediction/training_cluster/liver_pos.pred.using_pectoral_fin_model.txt, ../../results/zebrafish_organs/prediction/training_cluster/pectoral_fin_pos.pred.using_pectoral_fin_model.txt, ../../results/zebrafish_organs/prediction/training_cluster/gills_pos.pred.using_pectoral_fin_model.txt, ../../results/zebrafish_organs/prediction/training_cluster/intestine_pos.pred.using_pectoral_fin_model.txt, ../../results/zebrafish_organs/prediction/training_cluster/brain_neg.pred.using_pectoral_fin_model.txt, ../../results/zebrafish_organs/prediction/training_cluster/ovary_neg.pred.using_pectoral_fin_model.txt, ../../results/zebrafish_organs/prediction/training_cluster/testis_neg.pred.using_pectoral_fin_model.txt, ../../results/zebrafish_organs/prediction/training_cluster/eye_neg.pred.using_pectoral_fin_model.txt, ../../results/zebrafish_organs/prediction/training_cluster/liver_neg.pred.using_pectoral_fin_model.txt, ../../results/zebrafish_organs/prediction/training_cluster/pectoral_fin_neg.pred.using_pectoral_fin_model.txt, ../../results/zebrafish_organs/prediction/training_cluster/gills_neg.pred.using_pectoral_fin_model.txt, ../../results/zebrafish_organs/prediction/training_cluster/intestine_neg.pred.using_pectoral_fin_model.txt
    output: ../../results/zebrafish_organs/analyses/AUC/training_cluster/pectoral_fin_scores_OtherModel.pdf
    jobid: 132
    reason: Missing output files: ../../results/zebrafish_organs/analyses/AUC/training_cluster/pectoral_fin_scores_OtherModel.pdf; Input files updated by another job: ../../results/zebrafish_organs/prediction/training_cluster/pectoral_fin_pos.pred.using_pectoral_fin_model.txt, ../../results/zebrafish_organs/prediction/training_cluster/testis_neg.pred.using_pectoral_fin_model.txt, ../../results/zebrafish_organs/prediction/training_cluster/intestine_neg.pred.using_pectoral_fin_model.txt, ../../results/zebrafish_organs/prediction/training_cluster/brain_pos.pred.using_pectoral_fin_model.txt, ../../results/zebrafish_organs/prediction/training_cluster/testis_pos.pred.using_pectoral_fin_model.txt, ../../results/zebrafish_organs/prediction/training_cluster/pectoral_fin_neg.pred.using_pectoral_fin_model.txt, ../../results/zebrafish_organs/prediction/training_cluster/gills_pos.pred.using_pectoral_fin_model.txt, ../../results/zebrafish_organs/prediction/training_cluster/gills_neg.pred.using_pectoral_fin_model.txt, ../../results/zebrafish_organs/prediction/training_cluster/eye_pos.pred.using_pectoral_fin_model.txt, ../../results/zebrafish_organs/prediction/training_cluster/brain_neg.pred.using_pectoral_fin_model.txt, ../../results/zebrafish_organs/prediction/training_cluster/eye_neg.pred.using_pectoral_fin_model.txt, ../../results/zebrafish_organs/prediction/training_cluster/liver_pos.pred.using_pectoral_fin_model.txt, ../../results/zebrafish_organs/prediction/training_cluster/intestine_pos.pred.using_pectoral_fin_model.txt, ../../results/zebrafish_organs/prediction/training_cluster/liver_neg.pred.using_pectoral_fin_model.txt
    wildcards: sample=pectoral_fin
    resources: tmpdir=/var/folders/7c/65x0b2m90w39sqm5h28151rr0000gp/T

Select jobs to execute...
[Fri Aug 15 10:40:24 2025]
Finished jobid: 132 (Rule: pred_AUC_OtherModel)
14 of 16 steps (88%) done
Execute 1 jobs...
[Fri Aug 15 10:40:24 2025]
localrule combined_sequences_scores:
    input: ../../results/zebrafish_organs/analyses/scores/scores_brain.csv, ../../results/zebrafish_organs/analyses/scores/scores_ovary.csv, ../../results/zebrafish_organs/analyses/scores/scores_testis.csv, ../../results/zebrafish_organs/analyses/scores/scores_eye.csv, ../../results/zebrafish_organs/analyses/scores/scores_liver.csv, ../../results/zebrafish_organs/analyses/scores/scores_pectoral_fin.csv, ../../results/zebrafish_organs/analyses/scores/scores_gills.csv, ../../results/zebrafish_organs/analyses/scores/scores_intestine.csv
    output: ../../results/zebrafish_organs/analyses/scores/all_scores.csv
    jobid: 135
    reason: Missing output files: ../../results/zebrafish_organs/analyses/scores/all_scores.csv; Input files updated by another job: ../../results/zebrafish_organs/analyses/scores/scores_testis.csv, ../../results/zebrafish_organs/analyses/scores/scores_pectoral_fin.csv
    resources: tmpdir=/var/folders/7c/65x0b2m90w39sqm5h28151rr0000gp/T

Waiting at most 5 seconds for missing files:
../../results/zebrafish_organs/analyses/scores/all_scores.csv (missing locally)
MissingOutputException in rule combined_sequences_scores in file "/Users/children/Desktop/Stage_2025/scripts/zebrafish_organs/Snakefile", line 149:
Job 135  completed successfully, but some output files are missing. Missing files after 5 seconds. This might be due to filesystem latency. If that is the case, consider to increase the wait time with --latency-wait:
../../results/zebrafish_organs/analyses/scores/all_scores.csv (missing locally, parent dir contents: scores_intestine.csv, scores_brain.csv, scores_liver.csv, scores_pectoral_fin.csv, scores_ovary.csv, scores_testis.csv, scores_gills.csv, scores_eye.csv)
Shutting down, this might take some time.
Exiting because a job execution failed. Look below for error messages
[Fri Aug 15 10:40:31 2025]
Error in rule combined_sequences_scores:
    message: None
    jobid: 135
    input: ../../results/zebrafish_organs/analyses/scores/scores_brain.csv, ../../results/zebrafish_organs/analyses/scores/scores_ovary.csv, ../../results/zebrafish_organs/analyses/scores/scores_testis.csv, ../../results/zebrafish_organs/analyses/scores/scores_eye.csv, ../../results/zebrafish_organs/analyses/scores/scores_liver.csv, ../../results/zebrafish_organs/analyses/scores/scores_pectoral_fin.csv, ../../results/zebrafish_organs/analyses/scores/scores_gills.csv, ../../results/zebrafish_organs/analyses/scores/scores_intestine.csv
    output: ../../results/zebrafish_organs/analyses/scores/all_scores.csv
    shell:
        Rscript Snakemake_progs/10.combined_seq_scores.R ../../results/zebrafish_organs/analyses/scores/scores_brain.csv ../../results/zebrafish_organs/analyses/scores/scores_ovary.csv ../../results/zebrafish_organs/analyses/scores/scores_testis.csv ../../results/zebrafish_organs/analyses/scores/scores_eye.csv ../../results/zebrafish_organs/analyses/scores/scores_liver.csv ../../results/zebrafish_organs/analyses/scores/scores_pectoral_fin.csv ../../results/zebrafish_organs/analyses/scores/scores_gills.csv ../../results/zebrafish_organs/analyses/scores/scores_intestine.csv ../../results/zebrafish_organs/analyses/scores/all_scores.csv
        (command exited with non-zero exit code)
Complete log(s): /Users/children/Desktop/Stage_2025/scripts/zebrafish_organs/.snakemake/log/2025-08-15T100605.186467.snakemake.log
WorkflowError:
At least one job did not complete successfully.
