Assuming unrestricted shared filesystem usage.
None
host: wl5s-254-25.unil.ch
Building DAG of jobs...
Using shell: /bin/bash
Provided cores: 3
Rules claiming more threads will be scaled down.
Job stats:
job                          count
-------------------------  -------
PredictionOtherModel            27
all                              1
combined_sequences_scores        1
cross_validation                 2
heatmap                          1
pred_AUC_OtherModel              8
prediction                       2
scores                           1
sequences                        1
sequences_scores                 2
simple_AUC                       1
train_ML                         2
total                           49

Select jobs to execute...
Execute 3 jobs...
[Fri Aug 15 08:33:36 2025]
localrule PredictionOtherModel:
    input: ../../results/zebrafish_organs/sets/posSet/sequences/liver.fasta, ../../results/zebrafish_organs/sets/negSet/sequences/gills.fasta, ../../results/zebrafish_organs/train_model/liver.model.txt
    output: ../../results/zebrafish_organs/prediction/training_cluster/gills_pos.pred.using_liver_model.txt, ../../results/zebrafish_organs/prediction/training_cluster/gills_neg.pred.using_liver_model.txt
    log: ../../results/zebrafish_organs/prediction/logOtherModel/gills_using_liver.log
    jobid: 115
    reason: Missing output files: ../../results/zebrafish_organs/prediction/training_cluster/gills_pos.pred.using_liver_model.txt, ../../results/zebrafish_organs/prediction/training_cluster/gills_neg.pred.using_liver_model.txt
    wildcards: sample_to_score=gills, sample=liver
    resources: tmpdir=/var/folders/7c/65x0b2m90w39sqm5h28151rr0000gp/T

[Fri Aug 15 08:33:36 2025]
localrule PredictionOtherModel:
    input: ../../results/zebrafish_organs/sets/posSet/sequences/gills.fasta, ../../results/zebrafish_organs/sets/negSet/sequences/eye.fasta, ../../results/zebrafish_organs/train_model/gills.model.txt
    output: ../../results/zebrafish_organs/prediction/training_cluster/eye_pos.pred.using_gills_model.txt, ../../results/zebrafish_organs/prediction/training_cluster/eye_neg.pred.using_gills_model.txt
    log: ../../results/zebrafish_organs/prediction/logOtherModel/eye_using_gills.log
    jobid: 93
    reason: Missing output files: ../../results/zebrafish_organs/prediction/training_cluster/eye_pos.pred.using_gills_model.txt, ../../results/zebrafish_organs/prediction/training_cluster/eye_neg.pred.using_gills_model.txt
    wildcards: sample_to_score=eye, sample=gills
    resources: tmpdir=/var/folders/7c/65x0b2m90w39sqm5h28151rr0000gp/T

[Fri Aug 15 08:33:36 2025]
localrule PredictionOtherModel:
    input: ../../results/zebrafish_organs/sets/posSet/sequences/liver.fasta, ../../results/zebrafish_organs/sets/negSet/sequences/intestine.fasta, ../../results/zebrafish_organs/train_model/liver.model.txt
    output: ../../results/zebrafish_organs/prediction/training_cluster/intestine_pos.pred.using_liver_model.txt, ../../results/zebrafish_organs/prediction/training_cluster/intestine_neg.pred.using_liver_model.txt
    log: ../../results/zebrafish_organs/prediction/logOtherModel/intestine_using_liver.log
    jobid: 123
    reason: Missing output files: ../../results/zebrafish_organs/prediction/training_cluster/intestine_neg.pred.using_liver_model.txt, ../../results/zebrafish_organs/prediction/training_cluster/intestine_pos.pred.using_liver_model.txt
    wildcards: sample_to_score=intestine, sample=liver
    resources: tmpdir=/var/folders/7c/65x0b2m90w39sqm5h28151rr0000gp/T

Select jobs to execute...
[Fri Aug 15 08:40:45 2025]
Finished jobid: 115 (Rule: PredictionOtherModel)
1 of 49 steps (2%) done
Execute 1 jobs...
[Fri Aug 15 08:40:45 2025]
localrule PredictionOtherModel:
    input: ../../results/zebrafish_organs/sets/posSet/sequences/liver.fasta, ../../results/zebrafish_organs/sets/negSet/sequences/eye.fasta, ../../results/zebrafish_organs/train_model/liver.model.txt
    output: ../../results/zebrafish_organs/prediction/training_cluster/eye_pos.pred.using_liver_model.txt, ../../results/zebrafish_organs/prediction/training_cluster/eye_neg.pred.using_liver_model.txt
    log: ../../results/zebrafish_organs/prediction/logOtherModel/eye_using_liver.log
    jobid: 91
    reason: Missing output files: ../../results/zebrafish_organs/prediction/training_cluster/eye_neg.pred.using_liver_model.txt, ../../results/zebrafish_organs/prediction/training_cluster/eye_pos.pred.using_liver_model.txt
    wildcards: sample_to_score=eye, sample=liver
    resources: tmpdir=/var/folders/7c/65x0b2m90w39sqm5h28151rr0000gp/T

Select jobs to execute...
[Fri Aug 15 08:40:52 2025]
Finished jobid: 93 (Rule: PredictionOtherModel)
2 of 49 steps (4%) done
Execute 1 jobs...
[Fri Aug 15 08:40:52 2025]
localrule PredictionOtherModel:
    input: ../../results/zebrafish_organs/sets/posSet/sequences/liver.fasta, ../../results/zebrafish_organs/sets/negSet/sequences/liver.fasta, ../../results/zebrafish_organs/train_model/liver.model.txt
    output: ../../results/zebrafish_organs/prediction/training_cluster/liver_pos.pred.using_liver_model.txt, ../../results/zebrafish_organs/prediction/training_cluster/liver_neg.pred.using_liver_model.txt
    log: ../../results/zebrafish_organs/prediction/logOtherModel/liver_using_liver.log
    jobid: 99
    reason: Missing output files: ../../results/zebrafish_organs/prediction/training_cluster/liver_neg.pred.using_liver_model.txt, ../../results/zebrafish_organs/prediction/training_cluster/liver_pos.pred.using_liver_model.txt
    wildcards: sample_to_score=liver, sample=liver
    resources: tmpdir=/var/folders/7c/65x0b2m90w39sqm5h28151rr0000gp/T

Select jobs to execute...
[Fri Aug 15 08:40:53 2025]
Finished jobid: 123 (Rule: PredictionOtherModel)
3 of 49 steps (6%) done
Execute 1 jobs...
[Fri Aug 15 08:40:53 2025]
localrule cross_validation:
    input: ../../results/zebrafish_organs/sets/posSet/sequences/eye.fasta, ../../results/zebrafish_organs/sets/negSet/sequences/eye.fasta
    output: ../../results/zebrafish_organs/cross_validation/eye.cvpred.txt
    log: ../../results/zebrafish_organs/cross_validation/log/eye.log
    jobid: 58
    reason: Missing output files: ../../results/zebrafish_organs/cross_validation/eye.cvpred.txt
    wildcards: sample=eye
    resources: tmpdir=/var/folders/7c/65x0b2m90w39sqm5h28151rr0000gp/T

Select jobs to execute...
[Fri Aug 15 08:47:05 2025]
Finished jobid: 91 (Rule: PredictionOtherModel)
4 of 49 steps (8%) done
Execute 1 jobs...
[Fri Aug 15 08:47:05 2025]
localrule train_ML:
    input: ../../results/zebrafish_organs/sets/posSet/sequences/eye.fasta, ../../results/zebrafish_organs/sets/negSet/sequences/eye.fasta
    output: ../../results/zebrafish_organs/train_model/eye.model.txt
    log: ../../results/zebrafish_organs/train_model/log/eye.log
    jobid: 45
    reason: Missing output files: ../../results/zebrafish_organs/train_model/eye.model.txt
    wildcards: sample=eye
    resources: tmpdir=/var/folders/7c/65x0b2m90w39sqm5h28151rr0000gp/T

Select jobs to execute...
[Fri Aug 15 08:47:07 2025]
Finished jobid: 99 (Rule: PredictionOtherModel)
5 of 49 steps (10%) done
Execute 1 jobs...
[Fri Aug 15 08:47:07 2025]
localrule sequences:
    input: ../../results/zebrafish_organs/sets/negSet/bed_files/pectoral_fin.bed
    output: ../../results/zebrafish_organs/sets/negSet/sequences/pectoral_fin.fasta
    jobid: 30
    reason: Missing output files: ../../results/zebrafish_organs/sets/negSet/sequences/pectoral_fin.fasta
    wildcards: s_type=negSet, sample=pectoral_fin
    resources: tmpdir=/var/folders/7c/65x0b2m90w39sqm5h28151rr0000gp/T

[Fri Aug 15 08:47:33 2025]
Finished jobid: 30 (Rule: sequences)
6 of 49 steps (12%) done
Select jobs to execute...
Execute 1 jobs...
[Fri Aug 15 08:47:33 2025]
localrule PredictionOtherModel:
    input: ../../results/zebrafish_organs/sets/posSet/sequences/ovary.fasta, ../../results/zebrafish_organs/sets/negSet/sequences/pectoral_fin.fasta, ../../results/zebrafish_organs/train_model/ovary.model.txt
    output: ../../results/zebrafish_organs/prediction/training_cluster/pectoral_fin_pos.pred.using_ovary_model.txt, ../../results/zebrafish_organs/prediction/training_cluster/pectoral_fin_neg.pred.using_ovary_model.txt
    log: ../../results/zebrafish_organs/prediction/logOtherModel/pectoral_fin_using_ovary.log
    jobid: 104
    reason: Missing output files: ../../results/zebrafish_organs/prediction/training_cluster/pectoral_fin_neg.pred.using_ovary_model.txt, ../../results/zebrafish_organs/prediction/training_cluster/pectoral_fin_pos.pred.using_ovary_model.txt; Input files updated by another job: ../../results/zebrafish_organs/sets/negSet/sequences/pectoral_fin.fasta
    wildcards: sample_to_score=pectoral_fin, sample=ovary
    resources: tmpdir=/var/folders/7c/65x0b2m90w39sqm5h28151rr0000gp/T

Select jobs to execute...
[Fri Aug 15 08:58:06 2025]
Finished jobid: 45 (Rule: train_ML)
7 of 49 steps (14%) done
Execute 1 jobs...
[Fri Aug 15 08:58:06 2025]
localrule prediction:
    input: ../../data/zebrafish_organs/sequences/kmer.fa, ../../results/zebrafish_organs/train_model/eye.model.txt
    output: ../../results/zebrafish_organs/prediction/eye.pred.txt
    log: ../../results/zebrafish_organs/prediction/log/eye.log
    jobid: 44
    reason: Missing output files: ../../results/zebrafish_organs/prediction/eye.pred.txt; Input files updated by another job: ../../results/zebrafish_organs/train_model/eye.model.txt
    wildcards: sample=eye
    resources: tmpdir=/var/folders/7c/65x0b2m90w39sqm5h28151rr0000gp/T

Select jobs to execute...
[Fri Aug 15 09:00:26 2025]
Finished jobid: 44 (Rule: prediction)
8 of 49 steps (16%) done
Execute 1 jobs...
[Fri Aug 15 09:00:26 2025]
localrule sequences_scores:
    input: ../../results/zebrafish_organs/prediction/eye.pred.txt, ../../results/zebrafish_organs/sets/posSet/sequences/eye.fasta
    output: ../../results/zebrafish_organs/analyses/scores/scores_eye.csv
    jobid: 139
    reason: Missing output files: ../../results/zebrafish_organs/analyses/scores/scores_eye.csv; Input files updated by another job: ../../results/zebrafish_organs/prediction/eye.pred.txt
    wildcards: sample=eye
    resources: tmpdir=/var/folders/7c/65x0b2m90w39sqm5h28151rr0000gp/T

Select jobs to execute...
[Fri Aug 15 09:00:27 2025]
Finished jobid: 104 (Rule: PredictionOtherModel)
9 of 49 steps (18%) done
Execute 1 jobs...
[Fri Aug 15 09:00:28 2025]
localrule PredictionOtherModel:
    input: ../../results/zebrafish_organs/sets/posSet/sequences/brain.fasta, ../../results/zebrafish_organs/sets/negSet/sequences/pectoral_fin.fasta, ../../results/zebrafish_organs/train_model/brain.model.txt
    output: ../../results/zebrafish_organs/prediction/training_cluster/pectoral_fin_pos.pred.using_brain_model.txt, ../../results/zebrafish_organs/prediction/training_cluster/pectoral_fin_neg.pred.using_brain_model.txt
    log: ../../results/zebrafish_organs/prediction/logOtherModel/pectoral_fin_using_brain.log
    jobid: 103
    reason: Missing output files: ../../results/zebrafish_organs/prediction/training_cluster/pectoral_fin_pos.pred.using_brain_model.txt, ../../results/zebrafish_organs/prediction/training_cluster/pectoral_fin_neg.pred.using_brain_model.txt; Input files updated by another job: ../../results/zebrafish_organs/sets/negSet/sequences/pectoral_fin.fasta
    wildcards: sample_to_score=pectoral_fin, sample=brain
    resources: tmpdir=/var/folders/7c/65x0b2m90w39sqm5h28151rr0000gp/T

Select jobs to execute...
[Fri Aug 15 09:00:32 2025]
Finished jobid: 139 (Rule: sequences_scores)
10 of 49 steps (20%) done
Execute 1 jobs...
[Fri Aug 15 09:00:33 2025]
localrule PredictionOtherModel:
    input: ../../results/zebrafish_organs/sets/posSet/sequences/eye.fasta, ../../results/zebrafish_organs/sets/negSet/sequences/ovary.fasta, ../../results/zebrafish_organs/train_model/eye.model.txt
    output: ../../results/zebrafish_organs/prediction/training_cluster/ovary_pos.pred.using_eye_model.txt, ../../results/zebrafish_organs/prediction/training_cluster/ovary_neg.pred.using_eye_model.txt
    log: ../../results/zebrafish_organs/prediction/logOtherModel/ovary_using_eye.log
    jobid: 74
    reason: Missing output files: ../../results/zebrafish_organs/prediction/training_cluster/ovary_pos.pred.using_eye_model.txt, ../../results/zebrafish_organs/prediction/training_cluster/ovary_neg.pred.using_eye_model.txt; Input files updated by another job: ../../results/zebrafish_organs/train_model/eye.model.txt
    wildcards: sample_to_score=ovary, sample=eye
    resources: tmpdir=/var/folders/7c/65x0b2m90w39sqm5h28151rr0000gp/T

Select jobs to execute...
[Fri Aug 15 09:09:40 2025]
Finished jobid: 103 (Rule: PredictionOtherModel)
11 of 49 steps (22%) done
Execute 1 jobs...
[Fri Aug 15 09:09:40 2025]
localrule PredictionOtherModel:
    input: ../../results/zebrafish_organs/sets/posSet/sequences/testis.fasta, ../../results/zebrafish_organs/sets/negSet/sequences/pectoral_fin.fasta, ../../results/zebrafish_organs/train_model/testis.model.txt
    output: ../../results/zebrafish_organs/prediction/training_cluster/pectoral_fin_pos.pred.using_testis_model.txt, ../../results/zebrafish_organs/prediction/training_cluster/pectoral_fin_neg.pred.using_testis_model.txt
    log: ../../results/zebrafish_organs/prediction/logOtherModel/pectoral_fin_using_testis.log
    jobid: 105
    reason: Missing output files: ../../results/zebrafish_organs/prediction/training_cluster/pectoral_fin_pos.pred.using_testis_model.txt, ../../results/zebrafish_organs/prediction/training_cluster/pectoral_fin_neg.pred.using_testis_model.txt; Input files updated by another job: ../../results/zebrafish_organs/sets/negSet/sequences/pectoral_fin.fasta
    wildcards: sample_to_score=pectoral_fin, sample=testis
    resources: tmpdir=/var/folders/7c/65x0b2m90w39sqm5h28151rr0000gp/T

Select jobs to execute...
[Fri Aug 15 09:13:58 2025]
Finished jobid: 74 (Rule: PredictionOtherModel)
12 of 49 steps (24%) done
Execute 1 jobs...
[Fri Aug 15 09:13:58 2025]
localrule PredictionOtherModel:
    input: ../../results/zebrafish_organs/sets/posSet/sequences/eye.fasta, ../../results/zebrafish_organs/sets/negSet/sequences/brain.fasta, ../../results/zebrafish_organs/train_model/eye.model.txt
    output: ../../results/zebrafish_organs/prediction/training_cluster/brain_pos.pred.using_eye_model.txt, ../../results/zebrafish_organs/prediction/training_cluster/brain_neg.pred.using_eye_model.txt
    log: ../../results/zebrafish_organs/prediction/logOtherModel/brain_using_eye.log
    jobid: 66
    reason: Missing output files: ../../results/zebrafish_organs/prediction/training_cluster/brain_pos.pred.using_eye_model.txt, ../../results/zebrafish_organs/prediction/training_cluster/brain_neg.pred.using_eye_model.txt; Input files updated by another job: ../../results/zebrafish_organs/train_model/eye.model.txt
    wildcards: sample_to_score=brain, sample=eye
    resources: tmpdir=/var/folders/7c/65x0b2m90w39sqm5h28151rr0000gp/T

Select jobs to execute...
[Fri Aug 15 09:18:47 2025]
Finished jobid: 105 (Rule: PredictionOtherModel)
13 of 49 steps (27%) done
Execute 1 jobs...
[Fri Aug 15 09:18:47 2025]
localrule PredictionOtherModel:
    input: ../../results/zebrafish_organs/sets/posSet/sequences/eye.fasta, ../../results/zebrafish_organs/sets/negSet/sequences/testis.fasta, ../../results/zebrafish_organs/train_model/eye.model.txt
    output: ../../results/zebrafish_organs/prediction/training_cluster/testis_pos.pred.using_eye_model.txt, ../../results/zebrafish_organs/prediction/training_cluster/testis_neg.pred.using_eye_model.txt
    log: ../../results/zebrafish_organs/prediction/logOtherModel/testis_using_eye.log
    jobid: 82
    reason: Missing output files: ../../results/zebrafish_organs/prediction/training_cluster/testis_pos.pred.using_eye_model.txt, ../../results/zebrafish_organs/prediction/training_cluster/testis_neg.pred.using_eye_model.txt; Input files updated by another job: ../../results/zebrafish_organs/train_model/eye.model.txt
    wildcards: sample_to_score=testis, sample=eye
    resources: tmpdir=/var/folders/7c/65x0b2m90w39sqm5h28151rr0000gp/T

Select jobs to execute...
[Fri Aug 15 09:23:51 2025]
Finished jobid: 66 (Rule: PredictionOtherModel)
14 of 49 steps (29%) done
Execute 1 jobs...
[Fri Aug 15 09:23:51 2025]
localrule PredictionOtherModel:
    input: ../../results/zebrafish_organs/sets/posSet/sequences/intestine.fasta, ../../results/zebrafish_organs/sets/negSet/sequences/pectoral_fin.fasta, ../../results/zebrafish_organs/train_model/intestine.model.txt
    output: ../../results/zebrafish_organs/prediction/training_cluster/pectoral_fin_pos.pred.using_intestine_model.txt, ../../results/zebrafish_organs/prediction/training_cluster/pectoral_fin_neg.pred.using_intestine_model.txt
    log: ../../results/zebrafish_organs/prediction/logOtherModel/pectoral_fin_using_intestine.log
    jobid: 110
    reason: Missing output files: ../../results/zebrafish_organs/prediction/training_cluster/pectoral_fin_neg.pred.using_intestine_model.txt, ../../results/zebrafish_organs/prediction/training_cluster/pectoral_fin_pos.pred.using_intestine_model.txt; Input files updated by another job: ../../results/zebrafish_organs/sets/negSet/sequences/pectoral_fin.fasta
    wildcards: sample_to_score=pectoral_fin, sample=intestine
    resources: tmpdir=/var/folders/7c/65x0b2m90w39sqm5h28151rr0000gp/T

Select jobs to execute...
[Fri Aug 15 09:27:09 2025]
Finished jobid: 58 (Rule: cross_validation)
15 of 49 steps (31%) done
Execute 1 jobs...
[Fri Aug 15 09:27:09 2025]
localrule PredictionOtherModel:
    input: ../../results/zebrafish_organs/sets/posSet/sequences/gills.fasta, ../../results/zebrafish_organs/sets/negSet/sequences/pectoral_fin.fasta, ../../results/zebrafish_organs/train_model/gills.model.txt
    output: ../../results/zebrafish_organs/prediction/training_cluster/pectoral_fin_pos.pred.using_gills_model.txt, ../../results/zebrafish_organs/prediction/training_cluster/pectoral_fin_neg.pred.using_gills_model.txt
    log: ../../results/zebrafish_organs/prediction/logOtherModel/pectoral_fin_using_gills.log
    jobid: 109
    reason: Missing output files: ../../results/zebrafish_organs/prediction/training_cluster/pectoral_fin_pos.pred.using_gills_model.txt, ../../results/zebrafish_organs/prediction/training_cluster/pectoral_fin_neg.pred.using_gills_model.txt; Input files updated by another job: ../../results/zebrafish_organs/sets/negSet/sequences/pectoral_fin.fasta
    wildcards: sample_to_score=pectoral_fin, sample=gills
    resources: tmpdir=/var/folders/7c/65x0b2m90w39sqm5h28151rr0000gp/T

Select jobs to execute...
[Fri Aug 15 09:27:49 2025]
Finished jobid: 82 (Rule: PredictionOtherModel)
16 of 49 steps (33%) done
Execute 1 jobs...
[Fri Aug 15 09:27:49 2025]
localrule PredictionOtherModel:
    input: ../../results/zebrafish_organs/sets/posSet/sequences/eye.fasta, ../../results/zebrafish_organs/sets/negSet/sequences/intestine.fasta, ../../results/zebrafish_organs/train_model/eye.model.txt
    output: ../../results/zebrafish_organs/prediction/training_cluster/intestine_pos.pred.using_eye_model.txt, ../../results/zebrafish_organs/prediction/training_cluster/intestine_neg.pred.using_eye_model.txt
    log: ../../results/zebrafish_organs/prediction/logOtherModel/intestine_using_eye.log
    jobid: 122
    reason: Missing output files: ../../results/zebrafish_organs/prediction/training_cluster/intestine_pos.pred.using_eye_model.txt, ../../results/zebrafish_organs/prediction/training_cluster/intestine_neg.pred.using_eye_model.txt; Input files updated by another job: ../../results/zebrafish_organs/train_model/eye.model.txt
    wildcards: sample_to_score=intestine, sample=eye
    resources: tmpdir=/var/folders/7c/65x0b2m90w39sqm5h28151rr0000gp/T

Select jobs to execute...
[Fri Aug 15 09:29:54 2025]
Finished jobid: 110 (Rule: PredictionOtherModel)
17 of 49 steps (35%) done
Execute 1 jobs...
[Fri Aug 15 09:29:54 2025]
localrule PredictionOtherModel:
    input: ../../results/zebrafish_organs/sets/posSet/sequences/eye.fasta, ../../results/zebrafish_organs/sets/negSet/sequences/gills.fasta, ../../results/zebrafish_organs/train_model/eye.model.txt
    output: ../../results/zebrafish_organs/prediction/training_cluster/gills_pos.pred.using_eye_model.txt, ../../results/zebrafish_organs/prediction/training_cluster/gills_neg.pred.using_eye_model.txt
    log: ../../results/zebrafish_organs/prediction/logOtherModel/gills_using_eye.log
    jobid: 114
    reason: Missing output files: ../../results/zebrafish_organs/prediction/training_cluster/gills_pos.pred.using_eye_model.txt, ../../results/zebrafish_organs/prediction/training_cluster/gills_neg.pred.using_eye_model.txt; Input files updated by another job: ../../results/zebrafish_organs/train_model/eye.model.txt
    wildcards: sample_to_score=gills, sample=eye
    resources: tmpdir=/var/folders/7c/65x0b2m90w39sqm5h28151rr0000gp/T

Select jobs to execute...
[Fri Aug 15 09:32:35 2025]
Finished jobid: 109 (Rule: PredictionOtherModel)
18 of 49 steps (37%) done
Execute 1 jobs...
[Fri Aug 15 09:32:35 2025]
localrule PredictionOtherModel:
    input: ../../results/zebrafish_organs/sets/posSet/sequences/eye.fasta, ../../results/zebrafish_organs/sets/negSet/sequences/eye.fasta, ../../results/zebrafish_organs/train_model/eye.model.txt
    output: ../../results/zebrafish_organs/prediction/training_cluster/eye_pos.pred.using_eye_model.txt, ../../results/zebrafish_organs/prediction/training_cluster/eye_neg.pred.using_eye_model.txt
    log: ../../results/zebrafish_organs/prediction/logOtherModel/eye_using_eye.log
    jobid: 90
    reason: Missing output files: ../../results/zebrafish_organs/prediction/training_cluster/eye_pos.pred.using_eye_model.txt, ../../results/zebrafish_organs/prediction/training_cluster/eye_neg.pred.using_eye_model.txt; Input files updated by another job: ../../results/zebrafish_organs/train_model/eye.model.txt
    wildcards: sample_to_score=eye, sample=eye
    resources: tmpdir=/var/folders/7c/65x0b2m90w39sqm5h28151rr0000gp/T

Select jobs to execute...
[Fri Aug 15 09:33:45 2025]
Finished jobid: 122 (Rule: PredictionOtherModel)
19 of 49 steps (39%) done
Execute 1 jobs...
[Fri Aug 15 09:33:45 2025]
localrule PredictionOtherModel:
    input: ../../results/zebrafish_organs/sets/posSet/sequences/eye.fasta, ../../results/zebrafish_organs/sets/negSet/sequences/liver.fasta, ../../results/zebrafish_organs/train_model/eye.model.txt
    output: ../../results/zebrafish_organs/prediction/training_cluster/liver_pos.pred.using_eye_model.txt, ../../results/zebrafish_organs/prediction/training_cluster/liver_neg.pred.using_eye_model.txt
    log: ../../results/zebrafish_organs/prediction/logOtherModel/liver_using_eye.log
    jobid: 98
    reason: Missing output files: ../../results/zebrafish_organs/prediction/training_cluster/liver_pos.pred.using_eye_model.txt, ../../results/zebrafish_organs/prediction/training_cluster/liver_neg.pred.using_eye_model.txt; Input files updated by another job: ../../results/zebrafish_organs/train_model/eye.model.txt
    wildcards: sample_to_score=liver, sample=eye
    resources: tmpdir=/var/folders/7c/65x0b2m90w39sqm5h28151rr0000gp/T

Select jobs to execute...
[Fri Aug 15 09:35:43 2025]
Finished jobid: 114 (Rule: PredictionOtherModel)
20 of 49 steps (41%) done
Execute 1 jobs...
[Fri Aug 15 09:35:43 2025]
localrule PredictionOtherModel:
    input: ../../results/zebrafish_organs/sets/posSet/sequences/eye.fasta, ../../results/zebrafish_organs/sets/negSet/sequences/pectoral_fin.fasta, ../../results/zebrafish_organs/train_model/eye.model.txt
    output: ../../results/zebrafish_organs/prediction/training_cluster/pectoral_fin_pos.pred.using_eye_model.txt, ../../results/zebrafish_organs/prediction/training_cluster/pectoral_fin_neg.pred.using_eye_model.txt
    log: ../../results/zebrafish_organs/prediction/logOtherModel/pectoral_fin_using_eye.log
    jobid: 106
    reason: Missing output files: ../../results/zebrafish_organs/prediction/training_cluster/pectoral_fin_neg.pred.using_eye_model.txt, ../../results/zebrafish_organs/prediction/training_cluster/pectoral_fin_pos.pred.using_eye_model.txt; Input files updated by another job: ../../results/zebrafish_organs/sets/negSet/sequences/pectoral_fin.fasta, ../../results/zebrafish_organs/train_model/eye.model.txt
    wildcards: sample_to_score=pectoral_fin, sample=eye
    resources: tmpdir=/var/folders/7c/65x0b2m90w39sqm5h28151rr0000gp/T

Select jobs to execute...
[Fri Aug 15 09:37:55 2025]
Finished jobid: 90 (Rule: PredictionOtherModel)
21 of 49 steps (43%) done
Execute 1 jobs...
[Fri Aug 15 09:37:55 2025]
localrule PredictionOtherModel:
    input: ../../results/zebrafish_organs/sets/posSet/sequences/liver.fasta, ../../results/zebrafish_organs/sets/negSet/sequences/pectoral_fin.fasta, ../../results/zebrafish_organs/train_model/liver.model.txt
    output: ../../results/zebrafish_organs/prediction/training_cluster/pectoral_fin_pos.pred.using_liver_model.txt, ../../results/zebrafish_organs/prediction/training_cluster/pectoral_fin_neg.pred.using_liver_model.txt
    log: ../../results/zebrafish_organs/prediction/logOtherModel/pectoral_fin_using_liver.log
    jobid: 107
    reason: Missing output files: ../../results/zebrafish_organs/prediction/training_cluster/pectoral_fin_neg.pred.using_liver_model.txt, ../../results/zebrafish_organs/prediction/training_cluster/pectoral_fin_pos.pred.using_liver_model.txt; Input files updated by another job: ../../results/zebrafish_organs/sets/negSet/sequences/pectoral_fin.fasta
    wildcards: sample_to_score=pectoral_fin, sample=liver
    resources: tmpdir=/var/folders/7c/65x0b2m90w39sqm5h28151rr0000gp/T

Select jobs to execute...
[Fri Aug 15 09:39:07 2025]
Finished jobid: 98 (Rule: PredictionOtherModel)
22 of 49 steps (45%) done
Execute 1 jobs...
[Fri Aug 15 09:39:07 2025]
localrule train_ML:
    input: ../../results/zebrafish_organs/sets/posSet/sequences/pectoral_fin.fasta, ../../results/zebrafish_organs/sets/negSet/sequences/pectoral_fin.fasta
    output: ../../results/zebrafish_organs/train_model/pectoral_fin.model.txt
    log: ../../results/zebrafish_organs/train_model/log/pectoral_fin.log
    jobid: 49
    reason: Missing output files: ../../results/zebrafish_organs/train_model/pectoral_fin.model.txt; Input files updated by another job: ../../results/zebrafish_organs/sets/negSet/sequences/pectoral_fin.fasta
    wildcards: sample=pectoral_fin
    resources: tmpdir=/var/folders/7c/65x0b2m90w39sqm5h28151rr0000gp/T

Select jobs to execute...
[Fri Aug 15 09:40:45 2025]
Finished jobid: 106 (Rule: PredictionOtherModel)
23 of 49 steps (47%) done
Execute 1 jobs...
[Fri Aug 15 09:40:45 2025]
localrule cross_validation:
    input: ../../results/zebrafish_organs/sets/posSet/sequences/pectoral_fin.fasta, ../../results/zebrafish_organs/sets/negSet/sequences/pectoral_fin.fasta
    output: ../../results/zebrafish_organs/cross_validation/pectoral_fin.cvpred.txt
    log: ../../results/zebrafish_organs/cross_validation/log/pectoral_fin.log
    jobid: 60
    reason: Missing output files: ../../results/zebrafish_organs/cross_validation/pectoral_fin.cvpred.txt; Input files updated by another job: ../../results/zebrafish_organs/sets/negSet/sequences/pectoral_fin.fasta
    wildcards: sample=pectoral_fin
    resources: tmpdir=/var/folders/7c/65x0b2m90w39sqm5h28151rr0000gp/T

Select jobs to execute...
[Fri Aug 15 09:42:49 2025]
Finished jobid: 107 (Rule: PredictionOtherModel)
24 of 49 steps (49%) done
Execute 1 jobs...
[Fri Aug 15 09:42:49 2025]
localrule pred_AUC_OtherModel:
    input: ../../results/zebrafish_organs/prediction/training_cluster/brain_pos.pred.using_ovary_model.txt, ../../results/zebrafish_organs/prediction/training_cluster/ovary_pos.pred.using_ovary_model.txt, ../../results/zebrafish_organs/prediction/training_cluster/testis_pos.pred.using_ovary_model.txt, ../../results/zebrafish_organs/prediction/training_cluster/eye_pos.pred.using_ovary_model.txt, ../../results/zebrafish_organs/prediction/training_cluster/liver_pos.pred.using_ovary_model.txt, ../../results/zebrafish_organs/prediction/training_cluster/pectoral_fin_pos.pred.using_ovary_model.txt, ../../results/zebrafish_organs/prediction/training_cluster/gills_pos.pred.using_ovary_model.txt, ../../results/zebrafish_organs/prediction/training_cluster/intestine_pos.pred.using_ovary_model.txt, ../../results/zebrafish_organs/prediction/training_cluster/brain_neg.pred.using_ovary_model.txt, ../../results/zebrafish_organs/prediction/training_cluster/ovary_neg.pred.using_ovary_model.txt, ../../results/zebrafish_organs/prediction/training_cluster/testis_neg.pred.using_ovary_model.txt, ../../results/zebrafish_organs/prediction/training_cluster/eye_neg.pred.using_ovary_model.txt, ../../results/zebrafish_organs/prediction/training_cluster/liver_neg.pred.using_ovary_model.txt, ../../results/zebrafish_organs/prediction/training_cluster/pectoral_fin_neg.pred.using_ovary_model.txt, ../../results/zebrafish_organs/prediction/training_cluster/gills_neg.pred.using_ovary_model.txt, ../../results/zebrafish_organs/prediction/training_cluster/intestine_neg.pred.using_ovary_model.txt
    output: ../../results/zebrafish_organs/analyses/AUC/training_cluster/ovary_scores_OtherModel.pdf
    jobid: 128
    reason: Missing output files: ../../results/zebrafish_organs/analyses/AUC/training_cluster/ovary_scores_OtherModel.pdf; Input files updated by another job: ../../results/zebrafish_organs/prediction/training_cluster/pectoral_fin_neg.pred.using_ovary_model.txt, ../../results/zebrafish_organs/prediction/training_cluster/pectoral_fin_pos.pred.using_ovary_model.txt
    wildcards: sample=ovary
    resources: tmpdir=/var/folders/7c/65x0b2m90w39sqm5h28151rr0000gp/T

Select jobs to execute...
[Fri Aug 15 09:42:51 2025]
Finished jobid: 128 (Rule: pred_AUC_OtherModel)
25 of 49 steps (51%) done
Execute 1 jobs...
[Fri Aug 15 09:42:51 2025]
localrule pred_AUC_OtherModel:
    input: ../../results/zebrafish_organs/prediction/training_cluster/brain_pos.pred.using_testis_model.txt, ../../results/zebrafish_organs/prediction/training_cluster/ovary_pos.pred.using_testis_model.txt, ../../results/zebrafish_organs/prediction/training_cluster/testis_pos.pred.using_testis_model.txt, ../../results/zebrafish_organs/prediction/training_cluster/eye_pos.pred.using_testis_model.txt, ../../results/zebrafish_organs/prediction/training_cluster/liver_pos.pred.using_testis_model.txt, ../../results/zebrafish_organs/prediction/training_cluster/pectoral_fin_pos.pred.using_testis_model.txt, ../../results/zebrafish_organs/prediction/training_cluster/gills_pos.pred.using_testis_model.txt, ../../results/zebrafish_organs/prediction/training_cluster/intestine_pos.pred.using_testis_model.txt, ../../results/zebrafish_organs/prediction/training_cluster/brain_neg.pred.using_testis_model.txt, ../../results/zebrafish_organs/prediction/training_cluster/ovary_neg.pred.using_testis_model.txt, ../../results/zebrafish_organs/prediction/training_cluster/testis_neg.pred.using_testis_model.txt, ../../results/zebrafish_organs/prediction/training_cluster/eye_neg.pred.using_testis_model.txt, ../../results/zebrafish_organs/prediction/training_cluster/liver_neg.pred.using_testis_model.txt, ../../results/zebrafish_organs/prediction/training_cluster/pectoral_fin_neg.pred.using_testis_model.txt, ../../results/zebrafish_organs/prediction/training_cluster/gills_neg.pred.using_testis_model.txt, ../../results/zebrafish_organs/prediction/training_cluster/intestine_neg.pred.using_testis_model.txt
    output: ../../results/zebrafish_organs/analyses/AUC/training_cluster/testis_scores_OtherModel.pdf
    jobid: 129
    reason: Missing output files: ../../results/zebrafish_organs/analyses/AUC/training_cluster/testis_scores_OtherModel.pdf; Input files updated by another job: ../../results/zebrafish_organs/prediction/training_cluster/pectoral_fin_pos.pred.using_testis_model.txt, ../../results/zebrafish_organs/prediction/training_cluster/pectoral_fin_neg.pred.using_testis_model.txt
    wildcards: sample=testis
    resources: tmpdir=/var/folders/7c/65x0b2m90w39sqm5h28151rr0000gp/T

Select jobs to execute...
[Fri Aug 15 09:42:53 2025]
Finished jobid: 129 (Rule: pred_AUC_OtherModel)
26 of 49 steps (53%) done
Execute 1 jobs...
[Fri Aug 15 09:42:53 2025]
localrule pred_AUC_OtherModel:
    input: ../../results/zebrafish_organs/prediction/training_cluster/brain_pos.pred.using_brain_model.txt, ../../results/zebrafish_organs/prediction/training_cluster/ovary_pos.pred.using_brain_model.txt, ../../results/zebrafish_organs/prediction/training_cluster/testis_pos.pred.using_brain_model.txt, ../../results/zebrafish_organs/prediction/training_cluster/eye_pos.pred.using_brain_model.txt, ../../results/zebrafish_organs/prediction/training_cluster/liver_pos.pred.using_brain_model.txt, ../../results/zebrafish_organs/prediction/training_cluster/pectoral_fin_pos.pred.using_brain_model.txt, ../../results/zebrafish_organs/prediction/training_cluster/gills_pos.pred.using_brain_model.txt, ../../results/zebrafish_organs/prediction/training_cluster/intestine_pos.pred.using_brain_model.txt, ../../results/zebrafish_organs/prediction/training_cluster/brain_neg.pred.using_brain_model.txt, ../../results/zebrafish_organs/prediction/training_cluster/ovary_neg.pred.using_brain_model.txt, ../../results/zebrafish_organs/prediction/training_cluster/testis_neg.pred.using_brain_model.txt, ../../results/zebrafish_organs/prediction/training_cluster/eye_neg.pred.using_brain_model.txt, ../../results/zebrafish_organs/prediction/training_cluster/liver_neg.pred.using_brain_model.txt, ../../results/zebrafish_organs/prediction/training_cluster/pectoral_fin_neg.pred.using_brain_model.txt, ../../results/zebrafish_organs/prediction/training_cluster/gills_neg.pred.using_brain_model.txt, ../../results/zebrafish_organs/prediction/training_cluster/intestine_neg.pred.using_brain_model.txt
    output: ../../results/zebrafish_organs/analyses/AUC/training_cluster/brain_scores_OtherModel.pdf
    jobid: 127
    reason: Missing output files: ../../results/zebrafish_organs/analyses/AUC/training_cluster/brain_scores_OtherModel.pdf; Input files updated by another job: ../../results/zebrafish_organs/prediction/training_cluster/pectoral_fin_pos.pred.using_brain_model.txt, ../../results/zebrafish_organs/prediction/training_cluster/pectoral_fin_neg.pred.using_brain_model.txt
    wildcards: sample=brain
    resources: tmpdir=/var/folders/7c/65x0b2m90w39sqm5h28151rr0000gp/T

Select jobs to execute...
[Fri Aug 15 09:42:55 2025]
Finished jobid: 127 (Rule: pred_AUC_OtherModel)
27 of 49 steps (55%) done
Execute 1 jobs...
[Fri Aug 15 09:42:55 2025]
localrule pred_AUC_OtherModel:
    input: ../../results/zebrafish_organs/prediction/training_cluster/brain_pos.pred.using_intestine_model.txt, ../../results/zebrafish_organs/prediction/training_cluster/ovary_pos.pred.using_intestine_model.txt, ../../results/zebrafish_organs/prediction/training_cluster/testis_pos.pred.using_intestine_model.txt, ../../results/zebrafish_organs/prediction/training_cluster/eye_pos.pred.using_intestine_model.txt, ../../results/zebrafish_organs/prediction/training_cluster/liver_pos.pred.using_intestine_model.txt, ../../results/zebrafish_organs/prediction/training_cluster/pectoral_fin_pos.pred.using_intestine_model.txt, ../../results/zebrafish_organs/prediction/training_cluster/gills_pos.pred.using_intestine_model.txt, ../../results/zebrafish_organs/prediction/training_cluster/intestine_pos.pred.using_intestine_model.txt, ../../results/zebrafish_organs/prediction/training_cluster/brain_neg.pred.using_intestine_model.txt, ../../results/zebrafish_organs/prediction/training_cluster/ovary_neg.pred.using_intestine_model.txt, ../../results/zebrafish_organs/prediction/training_cluster/testis_neg.pred.using_intestine_model.txt, ../../results/zebrafish_organs/prediction/training_cluster/eye_neg.pred.using_intestine_model.txt, ../../results/zebrafish_organs/prediction/training_cluster/liver_neg.pred.using_intestine_model.txt, ../../results/zebrafish_organs/prediction/training_cluster/pectoral_fin_neg.pred.using_intestine_model.txt, ../../results/zebrafish_organs/prediction/training_cluster/gills_neg.pred.using_intestine_model.txt, ../../results/zebrafish_organs/prediction/training_cluster/intestine_neg.pred.using_intestine_model.txt
    output: ../../results/zebrafish_organs/analyses/AUC/training_cluster/intestine_scores_OtherModel.pdf
    jobid: 134
    reason: Missing output files: ../../results/zebrafish_organs/analyses/AUC/training_cluster/intestine_scores_OtherModel.pdf; Input files updated by another job: ../../results/zebrafish_organs/prediction/training_cluster/pectoral_fin_neg.pred.using_intestine_model.txt, ../../results/zebrafish_organs/prediction/training_cluster/pectoral_fin_pos.pred.using_intestine_model.txt
    wildcards: sample=intestine
    resources: tmpdir=/var/folders/7c/65x0b2m90w39sqm5h28151rr0000gp/T

Select jobs to execute...
[Fri Aug 15 09:42:57 2025]
Finished jobid: 134 (Rule: pred_AUC_OtherModel)
28 of 49 steps (57%) done
Execute 1 jobs...
[Fri Aug 15 09:42:57 2025]
localrule pred_AUC_OtherModel:
    input: ../../results/zebrafish_organs/prediction/training_cluster/brain_pos.pred.using_gills_model.txt, ../../results/zebrafish_organs/prediction/training_cluster/ovary_pos.pred.using_gills_model.txt, ../../results/zebrafish_organs/prediction/training_cluster/testis_pos.pred.using_gills_model.txt, ../../results/zebrafish_organs/prediction/training_cluster/eye_pos.pred.using_gills_model.txt, ../../results/zebrafish_organs/prediction/training_cluster/liver_pos.pred.using_gills_model.txt, ../../results/zebrafish_organs/prediction/training_cluster/pectoral_fin_pos.pred.using_gills_model.txt, ../../results/zebrafish_organs/prediction/training_cluster/gills_pos.pred.using_gills_model.txt, ../../results/zebrafish_organs/prediction/training_cluster/intestine_pos.pred.using_gills_model.txt, ../../results/zebrafish_organs/prediction/training_cluster/brain_neg.pred.using_gills_model.txt, ../../results/zebrafish_organs/prediction/training_cluster/ovary_neg.pred.using_gills_model.txt, ../../results/zebrafish_organs/prediction/training_cluster/testis_neg.pred.using_gills_model.txt, ../../results/zebrafish_organs/prediction/training_cluster/eye_neg.pred.using_gills_model.txt, ../../results/zebrafish_organs/prediction/training_cluster/liver_neg.pred.using_gills_model.txt, ../../results/zebrafish_organs/prediction/training_cluster/pectoral_fin_neg.pred.using_gills_model.txt, ../../results/zebrafish_organs/prediction/training_cluster/gills_neg.pred.using_gills_model.txt, ../../results/zebrafish_organs/prediction/training_cluster/intestine_neg.pred.using_gills_model.txt
    output: ../../results/zebrafish_organs/analyses/AUC/training_cluster/gills_scores_OtherModel.pdf
    jobid: 133
    reason: Missing output files: ../../results/zebrafish_organs/analyses/AUC/training_cluster/gills_scores_OtherModel.pdf; Input files updated by another job: ../../results/zebrafish_organs/prediction/training_cluster/pectoral_fin_pos.pred.using_gills_model.txt, ../../results/zebrafish_organs/prediction/training_cluster/eye_pos.pred.using_gills_model.txt, ../../results/zebrafish_organs/prediction/training_cluster/eye_neg.pred.using_gills_model.txt, ../../results/zebrafish_organs/prediction/training_cluster/pectoral_fin_neg.pred.using_gills_model.txt
    wildcards: sample=gills
    resources: tmpdir=/var/folders/7c/65x0b2m90w39sqm5h28151rr0000gp/T

Select jobs to execute...
[Fri Aug 15 09:42:59 2025]
Finished jobid: 133 (Rule: pred_AUC_OtherModel)
29 of 49 steps (59%) done
Execute 1 jobs...
[Fri Aug 15 09:42:59 2025]
localrule pred_AUC_OtherModel:
    input: ../../results/zebrafish_organs/prediction/training_cluster/brain_pos.pred.using_liver_model.txt, ../../results/zebrafish_organs/prediction/training_cluster/ovary_pos.pred.using_liver_model.txt, ../../results/zebrafish_organs/prediction/training_cluster/testis_pos.pred.using_liver_model.txt, ../../results/zebrafish_organs/prediction/training_cluster/eye_pos.pred.using_liver_model.txt, ../../results/zebrafish_organs/prediction/training_cluster/liver_pos.pred.using_liver_model.txt, ../../results/zebrafish_organs/prediction/training_cluster/pectoral_fin_pos.pred.using_liver_model.txt, ../../results/zebrafish_organs/prediction/training_cluster/gills_pos.pred.using_liver_model.txt, ../../results/zebrafish_organs/prediction/training_cluster/intestine_pos.pred.using_liver_model.txt, ../../results/zebrafish_organs/prediction/training_cluster/brain_neg.pred.using_liver_model.txt, ../../results/zebrafish_organs/prediction/training_cluster/ovary_neg.pred.using_liver_model.txt, ../../results/zebrafish_organs/prediction/training_cluster/testis_neg.pred.using_liver_model.txt, ../../results/zebrafish_organs/prediction/training_cluster/eye_neg.pred.using_liver_model.txt, ../../results/zebrafish_organs/prediction/training_cluster/liver_neg.pred.using_liver_model.txt, ../../results/zebrafish_organs/prediction/training_cluster/pectoral_fin_neg.pred.using_liver_model.txt, ../../results/zebrafish_organs/prediction/training_cluster/gills_neg.pred.using_liver_model.txt, ../../results/zebrafish_organs/prediction/training_cluster/intestine_neg.pred.using_liver_model.txt
    output: ../../results/zebrafish_organs/analyses/AUC/training_cluster/liver_scores_OtherModel.pdf
    jobid: 131
    reason: Missing output files: ../../results/zebrafish_organs/analyses/AUC/training_cluster/liver_scores_OtherModel.pdf; Input files updated by another job: ../../results/zebrafish_organs/prediction/training_cluster/pectoral_fin_neg.pred.using_liver_model.txt, ../../results/zebrafish_organs/prediction/training_cluster/gills_pos.pred.using_liver_model.txt, ../../results/zebrafish_organs/prediction/training_cluster/intestine_neg.pred.using_liver_model.txt, ../../results/zebrafish_organs/prediction/training_cluster/eye_pos.pred.using_liver_model.txt, ../../results/zebrafish_organs/prediction/training_cluster/liver_pos.pred.using_liver_model.txt, ../../results/zebrafish_organs/prediction/training_cluster/liver_neg.pred.using_liver_model.txt, ../../results/zebrafish_organs/prediction/training_cluster/intestine_pos.pred.using_liver_model.txt, ../../results/zebrafish_organs/prediction/training_cluster/gills_neg.pred.using_liver_model.txt, ../../results/zebrafish_organs/prediction/training_cluster/pectoral_fin_pos.pred.using_liver_model.txt, ../../results/zebrafish_organs/prediction/training_cluster/eye_neg.pred.using_liver_model.txt
    wildcards: sample=liver
    resources: tmpdir=/var/folders/7c/65x0b2m90w39sqm5h28151rr0000gp/T

Select jobs to execute...
[Fri Aug 15 09:43:01 2025]
Finished jobid: 131 (Rule: pred_AUC_OtherModel)
30 of 49 steps (61%) done
Execute 1 jobs...
[Fri Aug 15 09:43:01 2025]
localrule pred_AUC_OtherModel:
    input: ../../results/zebrafish_organs/prediction/training_cluster/brain_pos.pred.using_eye_model.txt, ../../results/zebrafish_organs/prediction/training_cluster/ovary_pos.pred.using_eye_model.txt, ../../results/zebrafish_organs/prediction/training_cluster/testis_pos.pred.using_eye_model.txt, ../../results/zebrafish_organs/prediction/training_cluster/eye_pos.pred.using_eye_model.txt, ../../results/zebrafish_organs/prediction/training_cluster/liver_pos.pred.using_eye_model.txt, ../../results/zebrafish_organs/prediction/training_cluster/pectoral_fin_pos.pred.using_eye_model.txt, ../../results/zebrafish_organs/prediction/training_cluster/gills_pos.pred.using_eye_model.txt, ../../results/zebrafish_organs/prediction/training_cluster/intestine_pos.pred.using_eye_model.txt, ../../results/zebrafish_organs/prediction/training_cluster/brain_neg.pred.using_eye_model.txt, ../../results/zebrafish_organs/prediction/training_cluster/ovary_neg.pred.using_eye_model.txt, ../../results/zebrafish_organs/prediction/training_cluster/testis_neg.pred.using_eye_model.txt, ../../results/zebrafish_organs/prediction/training_cluster/eye_neg.pred.using_eye_model.txt, ../../results/zebrafish_organs/prediction/training_cluster/liver_neg.pred.using_eye_model.txt, ../../results/zebrafish_organs/prediction/training_cluster/pectoral_fin_neg.pred.using_eye_model.txt, ../../results/zebrafish_organs/prediction/training_cluster/gills_neg.pred.using_eye_model.txt, ../../results/zebrafish_organs/prediction/training_cluster/intestine_neg.pred.using_eye_model.txt
    output: ../../results/zebrafish_organs/analyses/AUC/training_cluster/eye_scores_OtherModel.pdf
    jobid: 130
    reason: Missing output files: ../../results/zebrafish_organs/analyses/AUC/training_cluster/eye_scores_OtherModel.pdf; Input files updated by another job: ../../results/zebrafish_organs/prediction/training_cluster/brain_pos.pred.using_eye_model.txt, ../../results/zebrafish_organs/prediction/training_cluster/testis_pos.pred.using_eye_model.txt, ../../results/zebrafish_organs/prediction/training_cluster/liver_pos.pred.using_eye_model.txt, ../../results/zebrafish_organs/prediction/training_cluster/gills_pos.pred.using_eye_model.txt, ../../results/zebrafish_organs/prediction/training_cluster/gills_neg.pred.using_eye_model.txt, ../../results/zebrafish_organs/prediction/training_cluster/brain_neg.pred.using_eye_model.txt, ../../results/zebrafish_organs/prediction/training_cluster/ovary_neg.pred.using_eye_model.txt, ../../results/zebrafish_organs/prediction/training_cluster/eye_neg.pred.using_eye_model.txt, ../../results/zebrafish_organs/prediction/training_cluster/pectoral_fin_pos.pred.using_eye_model.txt, ../../results/zebrafish_organs/prediction/training_cluster/intestine_neg.pred.using_eye_model.txt, ../../results/zebrafish_organs/prediction/training_cluster/eye_pos.pred.using_eye_model.txt, ../../results/zebrafish_organs/prediction/training_cluster/testis_neg.pred.using_eye_model.txt, ../../results/zebrafish_organs/prediction/training_cluster/intestine_pos.pred.using_eye_model.txt, ../../results/zebrafish_organs/prediction/training_cluster/pectoral_fin_neg.pred.using_eye_model.txt, ../../results/zebrafish_organs/prediction/training_cluster/ovary_pos.pred.using_eye_model.txt, ../../results/zebrafish_organs/prediction/training_cluster/liver_neg.pred.using_eye_model.txt
    wildcards: sample=eye
    resources: tmpdir=/var/folders/7c/65x0b2m90w39sqm5h28151rr0000gp/T

[Fri Aug 15 09:43:03 2025]
Finished jobid: 130 (Rule: pred_AUC_OtherModel)
31 of 49 steps (63%) done
[Fri Aug 15 09:45:24 2025]
Finished jobid: 49 (Rule: train_ML)
32 of 49 steps (65%) done
Select jobs to execute...
Execute 2 jobs...
[Fri Aug 15 09:45:24 2025]
localrule prediction:
    input: ../../data/zebrafish_organs/sequences/kmer.fa, ../../results/zebrafish_organs/train_model/pectoral_fin.model.txt
    output: ../../results/zebrafish_organs/prediction/pectoral_fin.pred.txt
    log: ../../results/zebrafish_organs/prediction/log/pectoral_fin.log
    jobid: 48
    reason: Missing output files: ../../results/zebrafish_organs/prediction/pectoral_fin.pred.txt; Input files updated by another job: ../../results/zebrafish_organs/train_model/pectoral_fin.model.txt
    wildcards: sample=pectoral_fin
    resources: tmpdir=/var/folders/7c/65x0b2m90w39sqm5h28151rr0000gp/T

[Fri Aug 15 09:45:24 2025]
localrule PredictionOtherModel:
    input: ../../results/zebrafish_organs/sets/posSet/sequences/pectoral_fin.fasta, ../../results/zebrafish_organs/sets/negSet/sequences/ovary.fasta, ../../results/zebrafish_organs/train_model/pectoral_fin.model.txt
    output: ../../results/zebrafish_organs/prediction/training_cluster/ovary_pos.pred.using_pectoral_fin_model.txt, ../../results/zebrafish_organs/prediction/training_cluster/ovary_neg.pred.using_pectoral_fin_model.txt
    log: ../../results/zebrafish_organs/prediction/logOtherModel/ovary_using_pectoral_fin.log
    jobid: 76
    reason: Missing output files: ../../results/zebrafish_organs/prediction/training_cluster/ovary_pos.pred.using_pectoral_fin_model.txt, ../../results/zebrafish_organs/prediction/training_cluster/ovary_neg.pred.using_pectoral_fin_model.txt; Input files updated by another job: ../../results/zebrafish_organs/train_model/pectoral_fin.model.txt
    wildcards: sample_to_score=ovary, sample=pectoral_fin
    resources: tmpdir=/var/folders/7c/65x0b2m90w39sqm5h28151rr0000gp/T

Select jobs to execute...
[Fri Aug 15 09:46:56 2025]
Finished jobid: 48 (Rule: prediction)
33 of 49 steps (67%) done
Execute 1 jobs...
[Fri Aug 15 09:46:56 2025]
localrule scores:
    input: ../../results/zebrafish_organs/prediction/brain.pred.txt, ../../results/zebrafish_organs/prediction/ovary.pred.txt, ../../results/zebrafish_organs/prediction/testis.pred.txt, ../../results/zebrafish_organs/prediction/eye.pred.txt, ../../results/zebrafish_organs/prediction/liver.pred.txt, ../../results/zebrafish_organs/prediction/pectoral_fin.pred.txt, ../../results/zebrafish_organs/prediction/gills.pred.txt, ../../results/zebrafish_organs/prediction/intestine.pred.txt
    output: ../../results/zebrafish_organs/prediction/scores.csv
    jobid: 37
    reason: Missing output files: ../../results/zebrafish_organs/prediction/scores.csv; Input files updated by another job: ../../results/zebrafish_organs/prediction/eye.pred.txt, ../../results/zebrafish_organs/prediction/pectoral_fin.pred.txt
    resources: tmpdir=/var/folders/7c/65x0b2m90w39sqm5h28151rr0000gp/T

Select jobs to execute...
Waiting at most 5 seconds for missing files:
../../results/zebrafish_organs/prediction/scores.csv (missing locally)
MissingOutputException in rule scores in file "/Users/children/Desktop/Stage_2025/scripts/zebrafish_organs/Snakefile", line 112:
Job 37  completed successfully, but some output files are missing. Missing files after 5 seconds. This might be due to filesystem latency. If that is the case, consider to increase the wait time with --latency-wait:
../../results/zebrafish_organs/prediction/scores.csv (missing locally, parent dir contents: liver.pred.txt, pectoral_fin.pred.txt, gills.pred.txt, intestine.pred.txt, brain.pred.txt, eye.pred.txt, logOtherModel, log, testis.pred.txt, training_cluster, ovary.pred.txt)
[Fri Aug 15 09:54:03 2025]
Finished jobid: 76 (Rule: PredictionOtherModel)
34 of 49 steps (69%) done
[Fri Aug 15 10:03:45 2025]
Finished jobid: 60 (Rule: cross_validation)
35 of 49 steps (71%) done
Shutting down, this might take some time.
Exiting because a job execution failed. Look below for error messages
[Fri Aug 15 10:03:45 2025]
Error in rule scores:
    message: None
    jobid: 37
    input: ../../results/zebrafish_organs/prediction/brain.pred.txt, ../../results/zebrafish_organs/prediction/ovary.pred.txt, ../../results/zebrafish_organs/prediction/testis.pred.txt, ../../results/zebrafish_organs/prediction/eye.pred.txt, ../../results/zebrafish_organs/prediction/liver.pred.txt, ../../results/zebrafish_organs/prediction/pectoral_fin.pred.txt, ../../results/zebrafish_organs/prediction/gills.pred.txt, ../../results/zebrafish_organs/prediction/intestine.pred.txt
    output: ../../results/zebrafish_organs/prediction/scores.csv
    shell:
        Rscript Snakemake_progs/6.scores.R ../../results/zebrafish_organs/prediction/brain.pred.txt ../../results/zebrafish_organs/prediction/ovary.pred.txt ../../results/zebrafish_organs/prediction/testis.pred.txt ../../results/zebrafish_organs/prediction/eye.pred.txt ../../results/zebrafish_organs/prediction/liver.pred.txt ../../results/zebrafish_organs/prediction/pectoral_fin.pred.txt ../../results/zebrafish_organs/prediction/gills.pred.txt ../../results/zebrafish_organs/prediction/intestine.pred.txt ../../results/zebrafish_organs/prediction/scores.csv
        (command exited with non-zero exit code)
Complete log(s): /Users/children/Desktop/Stage_2025/scripts/zebrafish_organs/.snakemake/log/2025-08-15T083335.455500.snakemake.log
WorkflowError:
At least one job did not complete successfully.
