Assuming unrestricted shared filesystem usage.
None
host: wl5s-254-25.unil.ch
Building DAG of jobs...
Using shell: /bin/bash
Provided cores: 1 (use --cores to define parallelism)
Rules claiming more threads will be scaled down.
Job stats:
job                          count
-------------------------  -------
PredictionOtherModel            64
all                              1
combined_sequences_scores        1
cross_validation                 8
heatmap                          1
neg_bed_files                    8
pred_AUC_OtherModel              8
prediction                       8
scores                           1
sequences                       15
sequences_scores                 8
simple_AUC                       1
train_ML                         8
total                          132

Select jobs to execute...
Execute 1 jobs...
[Thu Aug 14 12:43:36 2025]
localrule sequences:
    input: ../../results/zebrafish_organs/sets/posSet/bed_files/ovary.bed
    output: ../../results/zebrafish_organs/sets/posSet/sequences/ovary.fasta
    jobid: 6
    reason: Missing output files: ../../results/zebrafish_organs/sets/posSet/sequences/ovary.fasta; Code has changed since last execution
    wildcards: s_type=posSet, sample=ovary
    resources: tmpdir=/var/folders/7c/65x0b2m90w39sqm5h28151rr0000gp/T

Select jobs to execute...
[Thu Aug 14 12:43:50 2025]
Finished jobid: 6 (Rule: sequences)
1 of 132 steps (1%) done
Execute 1 jobs...
RuleException in rule neg_bed_files in file "/Users/children/Desktop/Stage_2025/scripts/zebrafish_organs/Snakefile", line 61:
ValueError: unexpected '{' in field name, when formatting the following:
Rscript Snakemake_progs/4.generate_negative_sequence.R zebrafish {input.pos_Set} {../../results/zebrafish/sets/negSet/bed_files/{wildcards.sample}}
