Assuming unrestricted shared filesystem usage.
None
host: wl5s-254-25.unil.ch
Building DAG of jobs...
Using shell: /bin/bash
Provided cores: 1 (use --cores to define parallelism)
Rules claiming more threads will be scaled down.
Job stats:
job                          count
-------------------------  -------
PredictionOtherModel            64
all                              1
combined_sequences_scores        1
cross_validation                 8
heatmap                          1
neg_bed_files                    8
pred_AUC_OtherModel              8
prediction                       8
scores                           1
sequences                       14
sequences_scores                 8
simple_AUC                       1
train_ML                         8
total                          131

Select jobs to execute...
Execute 1 jobs...
[Thu Aug 14 12:45:01 2025]
localrule neg_bed_files:
    input: ../../results/zebrafish_organs/sets/posSet/bed_files/ovary.bed
    output: ../../results/zebrafish_organs/sets/negSet/bed_files/ovary.bed
    jobid: 23
    reason: Missing output files: ../../results/zebrafish_organs/sets/negSet/bed_files/ovary.bed; Code has changed since last execution
    wildcards: sample=ovary
    resources: tmpdir=/var/folders/7c/65x0b2m90w39sqm5h28151rr0000gp/T

Select jobs to execute...
Waiting at most 5 seconds for missing files:
../../results/zebrafish_organs/sets/negSet/bed_files/ovary.bed (missing locally)
MissingOutputException in rule neg_bed_files in file "/Users/children/Desktop/Stage_2025/scripts/zebrafish_organs/Snakefile", line 61:
Job 23  completed successfully, but some output files are missing. Missing files after 5 seconds. This might be due to filesystem latency. If that is the case, consider to increase the wait time with --latency-wait:
../../results/zebrafish_organs/sets/negSet/bed_files/ovary.bed (missing locally, parent dir contents: )
Shutting down, this might take some time.
Exiting because a job execution failed. Look below for error messages
[Thu Aug 14 12:56:17 2025]
Error in rule neg_bed_files:
    message: None
    jobid: 23
    input: ../../results/zebrafish_organs/sets/posSet/bed_files/ovary.bed
    output: ../../results/zebrafish_organs/sets/negSet/bed_files/ovary.bed
    shell:
        Rscript Snakemake_progs/4.generate_negative_sequence.R zebrafish ../../results/zebrafish_organs/sets/posSet/bed_files/ovary.bed ../../results/zebrafish/sets/negSet/bed_files/ovary
        (command exited with non-zero exit code)
Complete log(s): /Users/children/Desktop/Stage_2025/scripts/zebrafish_organs/.snakemake/log/2025-08-14T124500.598404.snakemake.log
WorkflowError:
At least one job did not complete successfully.
