Assuming unrestricted shared filesystem usage.
None
host: wl5s-254-25.unil.ch
Building DAG of jobs...
Using shell: /bin/bash
Provided cores: 1 (use --cores to define parallelism)
Rules claiming more threads will be scaled down.
Job stats:
job                          count
-------------------------  -------
PredictionOtherModel             7
all                              1
combined_sequences_scores        1
heatmap                          1
pred_AUC_OtherModel              1
prediction                       1
scores                           1
sequences_scores                 2
simple_AUC                       1
total                           16

Select jobs to execute...
Execute 1 jobs...
[Fri Aug 15 10:05:37 2025]
localrule prediction:
    input: ../../data/zebrafish_organs/sequences/kmer.fa, ../../results/zebrafish_organs/train_model/testis.model.txt
    output: ../../results/zebrafish_organs/prediction/testis.pred.txt
    log: ../../results/zebrafish_organs/prediction/log/testis.log
    jobid: 42
    reason: Missing output files: ../../results/zebrafish_organs/prediction/testis.pred.txt
    wildcards: sample=testis
    resources: tmpdir=/var/folders/7c/65x0b2m90w39sqm5h28151rr0000gp/T

Select jobs to execute...
Terminating processes on user request, this might take some time.
RuleException:
CalledProcessError in file "/Users/children/Desktop/Stage_2025/scripts/zebrafish_organs/Snakefile", line 109:
Command 'set -euo pipefail;  ../../tools/lsgkm/bin/gkmpredict -T 1 ../../data/zebrafish_organs/sequences/kmer.fa ../../results/zebrafish_organs/train_model/testis.model.txt ../../results/zebrafish_organs/prediction/testis.pred.txt > ../../results/zebrafish_organs/prediction/log/testis.log 2>&1' died with <Signals.SIGINT: 2>.
[Fri Aug 15 10:05:53 2025]
Error in rule prediction:
    message: None
    jobid: 42
    input: ../../data/zebrafish_organs/sequences/kmer.fa, ../../results/zebrafish_organs/train_model/testis.model.txt
    output: ../../results/zebrafish_organs/prediction/testis.pred.txt
    log: ../../results/zebrafish_organs/prediction/log/testis.log (check log file(s) for error details)
    shell:
        ../../tools/lsgkm/bin/gkmpredict -T 1 ../../data/zebrafish_organs/sequences/kmer.fa ../../results/zebrafish_organs/train_model/testis.model.txt ../../results/zebrafish_organs/prediction/testis.pred.txt > ../../results/zebrafish_organs/prediction/log/testis.log 2>&1
        (command exited with non-zero exit code)
Complete log(s): /Users/children/Desktop/Stage_2025/scripts/zebrafish_organs/.snakemake/log/2025-08-15T100536.836082.snakemake.log
WorkflowError:
At least one job did not complete successfully.
