Assuming unrestricted shared filesystem usage.
None
host: wl5s-254-25.unil.ch
Building DAG of jobs...
Using shell: /bin/bash
Provided cores: 3
Rules claiming more threads will be scaled down.
Job stats:
job                          count
-------------------------  -------
PredictionOtherModel            64
all                              1
combined_sequences_scores        1
cross_validation                 8
heatmap                          1
neg_bed_files                    8
pred_AUC_OtherModel              8
prediction                       8
scores                           1
sequences                       16
sequences_scores                 8
simple_AUC                       1
train_ML                         8
total                          133

Select jobs to execute...
Execute 3 jobs...
[Thu Aug 14 11:45:49 2025]
localrule sequences:
    input: ../../results/zebrafish_organs/sets/posSet/bed_files/ovary.bed
    output: ../../results/zebrafish_organs/sets/posSet/sequences/ovary.fasta
    jobid: 6
    reason: Missing output files: ../../results/zebrafish_organs/sets/posSet/sequences/ovary.fasta
    wildcards: s_type=posSet, sample=ovary
    resources: tmpdir=/var/folders/7c/65x0b2m90w39sqm5h28151rr0000gp/T

[Thu Aug 14 11:45:49 2025]
localrule neg_bed_files:
    input: ../../results/zebrafish_organs/sets/posSet/bed_files/testis.bed
    output: ../../results/zebrafish_organs/sets/negSet/bed_files/testis.bed
    jobid: 25
    reason: Missing output files: ../../results/zebrafish_organs/sets/negSet/bed_files/testis.bed
    wildcards: sample=testis
    resources: tmpdir=/var/folders/7c/65x0b2m90w39sqm5h28151rr0000gp/T

[Thu Aug 14 11:45:49 2025]
localrule neg_bed_files:
    input: ../../results/zebrafish_organs/sets/posSet/bed_files/ovary.bed
    output: ../../results/zebrafish_organs/sets/negSet/bed_files/ovary.bed
    jobid: 23
    reason: Missing output files: ../../results/zebrafish_organs/sets/negSet/bed_files/ovary.bed
    wildcards: sample=ovary
    resources: tmpdir=/var/folders/7c/65x0b2m90w39sqm5h28151rr0000gp/T

Select jobs to execute...
[Thu Aug 14 11:46:15 2025]
Finished jobid: 6 (Rule: sequences)
1 of 133 steps (1%) done
Execute 1 jobs...
[Thu Aug 14 11:46:15 2025]
localrule sequences:
    input: ../../results/zebrafish_organs/sets/posSet/bed_files/testis.bed
    output: ../../results/zebrafish_organs/sets/posSet/sequences/testis.fasta
    jobid: 8
    reason: Missing output files: ../../results/zebrafish_organs/sets/posSet/sequences/testis.fasta
    wildcards: s_type=posSet, sample=testis
    resources: tmpdir=/var/folders/7c/65x0b2m90w39sqm5h28151rr0000gp/T

Select jobs to execute...
[Thu Aug 14 11:46:39 2025]
Finished jobid: 8 (Rule: sequences)
2 of 133 steps (2%) done
Execute 1 jobs...
[Thu Aug 14 11:46:39 2025]
localrule neg_bed_files:
    input: ../../results/zebrafish_organs/sets/posSet/bed_files/brain.bed
    output: ../../results/zebrafish_organs/sets/negSet/bed_files/brain.bed
    jobid: 21
    reason: Missing output files: ../../results/zebrafish_organs/sets/negSet/bed_files/brain.bed
    wildcards: sample=brain
    resources: tmpdir=/var/folders/7c/65x0b2m90w39sqm5h28151rr0000gp/T

Select jobs to execute...
Waiting at most 5 seconds for missing files:
../../results/zebrafish_organs/sets/negSet/bed_files/ovary.bed (missing locally)
MissingOutputException in rule neg_bed_files in file "/Users/children/Desktop/Stage_2025/scripts/zebrafish_organs/Snakefile", line 61:
Job 23  completed successfully, but some output files are missing. Missing files after 5 seconds. This might be due to filesystem latency. If that is the case, consider to increase the wait time with --latency-wait:
../../results/zebrafish_organs/sets/negSet/bed_files/ovary.bed (missing locally, parent dir contents: )
Waiting at most 5 seconds for missing files:
../../results/zebrafish_organs/sets/negSet/bed_files/testis.bed (missing locally)
MissingOutputException in rule neg_bed_files in file "/Users/children/Desktop/Stage_2025/scripts/zebrafish_organs/Snakefile", line 61:
Job 25  completed successfully, but some output files are missing. Missing files after 5 seconds. This might be due to filesystem latency. If that is the case, consider to increase the wait time with --latency-wait:
../../results/zebrafish_organs/sets/negSet/bed_files/testis.bed (missing locally, parent dir contents: )
Waiting at most 5 seconds for missing files:
../../results/zebrafish_organs/sets/negSet/bed_files/brain.bed (missing locally)
MissingOutputException in rule neg_bed_files in file "/Users/children/Desktop/Stage_2025/scripts/zebrafish_organs/Snakefile", line 61:
Job 21  completed successfully, but some output files are missing. Missing files after 5 seconds. This might be due to filesystem latency. If that is the case, consider to increase the wait time with --latency-wait:
../../results/zebrafish_organs/sets/negSet/bed_files/brain.bed (missing locally, parent dir contents: )
Shutting down, this might take some time.
Exiting because a job execution failed. Look below for error messages
[Thu Aug 14 12:06:16 2025]
Error in rule neg_bed_files:
    message: None
    jobid: 21
    input: ../../results/zebrafish_organs/sets/posSet/bed_files/brain.bed
    output: ../../results/zebrafish_organs/sets/negSet/bed_files/brain.bed
    shell:
        Rscript Snakemake_progs/4.generate_negative_sequence.R zebrafish ../../results/zebrafish_organs/sets/posSet/bed_files/brain.bed ../../results/zebrafish/sets/negSet/bed_files/brain
        (command exited with non-zero exit code)
[Thu Aug 14 12:06:16 2025]
Error in rule neg_bed_files:
    message: None
    jobid: 25
    input: ../../results/zebrafish_organs/sets/posSet/bed_files/testis.bed
    output: ../../results/zebrafish_organs/sets/negSet/bed_files/testis.bed
    shell:
        Rscript Snakemake_progs/4.generate_negative_sequence.R zebrafish ../../results/zebrafish_organs/sets/posSet/bed_files/testis.bed ../../results/zebrafish/sets/negSet/bed_files/testis
        (command exited with non-zero exit code)
[Thu Aug 14 12:06:16 2025]
Error in rule neg_bed_files:
    message: None
    jobid: 23
    input: ../../results/zebrafish_organs/sets/posSet/bed_files/ovary.bed
    output: ../../results/zebrafish_organs/sets/negSet/bed_files/ovary.bed
    shell:
        Rscript Snakemake_progs/4.generate_negative_sequence.R zebrafish ../../results/zebrafish_organs/sets/posSet/bed_files/ovary.bed ../../results/zebrafish/sets/negSet/bed_files/ovary
        (command exited with non-zero exit code)
Complete log(s): /Users/children/Desktop/Stage_2025/scripts/zebrafish_organs/.snakemake/log/2025-08-14T114548.855002.snakemake.log
WorkflowError:
At least one job did not complete successfully.
