Assuming unrestricted shared filesystem usage.
None
host: wl5s-254-25.unil.ch
Building DAG of jobs...
Using shell: /bin/bash
Provided cores: 3
Rules claiming more threads will be scaled down.
Job stats:
job                          count
-------------------------  -------
PredictionOtherModel            64
all                              1
cleaning                         1
cleaning2                        1
combined_sequences_scores        1
cross_validation                 8
heatmap                          1
neg_bed_files                    8
pos_Set                          8
pred_AUC_OtherModel              8
prediction                       8
promoters_coord                  1
scores                           1
sequences                       16
sequences_scores                 8
simple_AUC                       1
train_ML                         8
total                          144

Select jobs to execute...
Execute 1 jobs...
[Thu Aug 14 11:44:09 2025]
localrule promoters_coord:
    input: ../../data/zebrafish_organs/genes_information.txt, ../../data/zebrafish_organs/chromosome_ensembl2UCSC.txt
    output: ../../results/zebrafish_organs/promoters_infos/nonclean_promoters_coord.bed
    jobid: 5
    reason: Missing output files: ../../results/zebrafish_organs/promoters_infos/nonclean_promoters_coord.bed
    resources: tmpdir=/var/folders/7c/65x0b2m90w39sqm5h28151rr0000gp/T

[Thu Aug 14 11:44:34 2025]
Finished jobid: 5 (Rule: promoters_coord)
1 of 144 steps (1%) done
Select jobs to execute...
Execute 1 jobs...
[Thu Aug 14 11:44:34 2025]
localrule cleaning:
    input: ../../results/zebrafish_organs/promoters_infos/nonclean_promoters_coord.bed, ../../data/zebrafish_organs/zebrafish_all_genes.bed
    output: ../../results/zebrafish_organs/promoters_infos/clean_coord.bed
    jobid: 4
    reason: Missing output files: ../../results/zebrafish_organs/promoters_infos/clean_coord.bed; Input files updated by another job: ../../results/zebrafish_organs/promoters_infos/nonclean_promoters_coord.bed
    resources: tmpdir=/var/folders/7c/65x0b2m90w39sqm5h28151rr0000gp/T

[Thu Aug 14 11:44:34 2025]
Finished jobid: 4 (Rule: cleaning)
2 of 144 steps (1%) done
Select jobs to execute...
Execute 1 jobs...
[Thu Aug 14 11:44:34 2025]
localrule cleaning2:
    input: ../../results/zebrafish_organs/promoters_infos/clean_coord.bed
    output: ../../results/zebrafish_organs/promoters_infos/promoters_coord.bed
    jobid: 3
    reason: Missing output files: ../../results/zebrafish_organs/promoters_infos/promoters_coord.bed; Input files updated by another job: ../../results/zebrafish_organs/promoters_infos/clean_coord.bed
    resources: tmpdir=/var/folders/7c/65x0b2m90w39sqm5h28151rr0000gp/T

[Thu Aug 14 11:44:37 2025]
Finished jobid: 3 (Rule: cleaning2)
3 of 144 steps (2%) done
Select jobs to execute...
Execute 3 jobs...
[Thu Aug 14 11:44:37 2025]
localrule pos_Set:
    input: ../../results/zebrafish_organs/promoters_infos/promoters_coord.bed, ../../data/zebrafish_organs/clusters/DRE_expr.var.bias.ovary.txt
    output: ../../results/zebrafish_organs/sets/posSet/bed_files/ovary.bed
    jobid: 7
    reason: Missing output files: ../../results/zebrafish_organs/sets/posSet/bed_files/ovary.bed; Input files updated by another job: ../../results/zebrafish_organs/promoters_infos/promoters_coord.bed
    wildcards: sample=ovary
    resources: tmpdir=/var/folders/7c/65x0b2m90w39sqm5h28151rr0000gp/T

[Thu Aug 14 11:44:37 2025]
localrule pos_Set:
    input: ../../results/zebrafish_organs/promoters_infos/promoters_coord.bed, ../../data/zebrafish_organs/clusters/DRE_expr.var.bias.testis.txt
    output: ../../results/zebrafish_organs/sets/posSet/bed_files/testis.bed
    jobid: 9
    reason: Missing output files: ../../results/zebrafish_organs/sets/posSet/bed_files/testis.bed; Input files updated by another job: ../../results/zebrafish_organs/promoters_infos/promoters_coord.bed
    wildcards: sample=testis
    resources: tmpdir=/var/folders/7c/65x0b2m90w39sqm5h28151rr0000gp/T

[Thu Aug 14 11:44:37 2025]
localrule pos_Set:
    input: ../../results/zebrafish_organs/promoters_infos/promoters_coord.bed, ../../data/zebrafish_organs/clusters/DRE_expr.var.bias.brain.txt
    output: ../../results/zebrafish_organs/sets/posSet/bed_files/brain.bed
    jobid: 2
    reason: Missing output files: ../../results/zebrafish_organs/sets/posSet/bed_files/brain.bed; Input files updated by another job: ../../results/zebrafish_organs/promoters_infos/promoters_coord.bed
    wildcards: sample=brain
    resources: tmpdir=/var/folders/7c/65x0b2m90w39sqm5h28151rr0000gp/T

Select jobs to execute...
[Thu Aug 14 11:44:39 2025]
Finished jobid: 7 (Rule: pos_Set)
4 of 144 steps (3%) done
Execute 1 jobs...
[Thu Aug 14 11:44:39 2025]
localrule pos_Set:
    input: ../../results/zebrafish_organs/promoters_infos/promoters_coord.bed, ../../data/zebrafish_organs/clusters/DRE_expr.var.bias.intestine.txt
    output: ../../results/zebrafish_organs/sets/posSet/bed_files/intestine.bed
    jobid: 19
    reason: Missing output files: ../../results/zebrafish_organs/sets/posSet/bed_files/intestine.bed; Input files updated by another job: ../../results/zebrafish_organs/promoters_infos/promoters_coord.bed
    wildcards: sample=intestine
    resources: tmpdir=/var/folders/7c/65x0b2m90w39sqm5h28151rr0000gp/T

[Thu Aug 14 11:44:39 2025]
Finished jobid: 2 (Rule: pos_Set)
5 of 144 steps (3%) done
Select jobs to execute...
Execute 1 jobs...
[Thu Aug 14 11:44:39 2025]
localrule pos_Set:
    input: ../../results/zebrafish_organs/promoters_infos/promoters_coord.bed, ../../data/zebrafish_organs/clusters/DRE_expr.var.bias.gills.txt
    output: ../../results/zebrafish_organs/sets/posSet/bed_files/gills.bed
    jobid: 17
    reason: Missing output files: ../../results/zebrafish_organs/sets/posSet/bed_files/gills.bed; Input files updated by another job: ../../results/zebrafish_organs/promoters_infos/promoters_coord.bed
    wildcards: sample=gills
    resources: tmpdir=/var/folders/7c/65x0b2m90w39sqm5h28151rr0000gp/T

[Thu Aug 14 11:44:39 2025]
Finished jobid: 9 (Rule: pos_Set)
6 of 144 steps (4%) done
Select jobs to execute...
Execute 1 jobs...
[Thu Aug 14 11:44:39 2025]
localrule pos_Set:
    input: ../../results/zebrafish_organs/promoters_infos/promoters_coord.bed, ../../data/zebrafish_organs/clusters/DRE_expr.var.bias.eye.txt
    output: ../../results/zebrafish_organs/sets/posSet/bed_files/eye.bed
    jobid: 11
    reason: Missing output files: ../../results/zebrafish_organs/sets/posSet/bed_files/eye.bed; Input files updated by another job: ../../results/zebrafish_organs/promoters_infos/promoters_coord.bed
    wildcards: sample=eye
    resources: tmpdir=/var/folders/7c/65x0b2m90w39sqm5h28151rr0000gp/T

Select jobs to execute...
[Thu Aug 14 11:44:42 2025]
Finished jobid: 19 (Rule: pos_Set)
7 of 144 steps (5%) done
Execute 1 jobs...
[Thu Aug 14 11:44:42 2025]
localrule pos_Set:
    input: ../../results/zebrafish_organs/promoters_infos/promoters_coord.bed, ../../data/zebrafish_organs/clusters/DRE_expr.var.bias.liver.txt
    output: ../../results/zebrafish_organs/sets/posSet/bed_files/liver.bed
    jobid: 13
    reason: Missing output files: ../../results/zebrafish_organs/sets/posSet/bed_files/liver.bed; Input files updated by another job: ../../results/zebrafish_organs/promoters_infos/promoters_coord.bed
    wildcards: sample=liver
    resources: tmpdir=/var/folders/7c/65x0b2m90w39sqm5h28151rr0000gp/T

[Thu Aug 14 11:44:42 2025]
Finished jobid: 17 (Rule: pos_Set)
8 of 144 steps (6%) done
Select jobs to execute...
Execute 1 jobs...
[Thu Aug 14 11:44:42 2025]
localrule pos_Set:
    input: ../../results/zebrafish_organs/promoters_infos/promoters_coord.bed, ../../data/zebrafish_organs/clusters/DRE_expr.var.bias.pectoral_fin.txt
    output: ../../results/zebrafish_organs/sets/posSet/bed_files/pectoral_fin.bed
    jobid: 15
    reason: Missing output files: ../../results/zebrafish_organs/sets/posSet/bed_files/pectoral_fin.bed; Input files updated by another job: ../../results/zebrafish_organs/promoters_infos/promoters_coord.bed
    wildcards: sample=pectoral_fin
    resources: tmpdir=/var/folders/7c/65x0b2m90w39sqm5h28151rr0000gp/T

Select jobs to execute...
[Thu Aug 14 11:44:42 2025]
Finished jobid: 11 (Rule: pos_Set)
9 of 144 steps (6%) done
Execute 1 jobs...
[Thu Aug 14 11:44:42 2025]
localrule sequences:
    input: ../../results/zebrafish_organs/sets/posSet/bed_files/ovary.bed
    output: ../../results/zebrafish_organs/sets/posSet/sequences/ovary.fasta
    jobid: 6
    reason: Missing output files: ../../results/zebrafish_organs/sets/posSet/sequences/ovary.fasta; Input files updated by another job: ../../results/zebrafish_organs/sets/posSet/bed_files/ovary.bed
    wildcards: s_type=posSet, sample=ovary
    resources: tmpdir=/var/folders/7c/65x0b2m90w39sqm5h28151rr0000gp/T

Select jobs to execute...
RuleException:
CalledProcessError in file "/Users/children/Desktop/Stage_2025/scripts/zebrafish_organs/Snakefile", line 76:
Command 'set -euo pipefail;  python Snakemake_progs/5.promoters_sequences.py ../../results/zebrafish_organs/sets/posSet/bed_files/ovary.bed ../../results/zebrafish_organs/sets/posSet/sequences/ovary.fasta' returned non-zero exit status 1.
[Thu Aug 14 11:44:43 2025]
Error in rule sequences:
    message: None
    jobid: 6
    input: ../../results/zebrafish_organs/sets/posSet/bed_files/ovary.bed
    output: ../../results/zebrafish_organs/sets/posSet/sequences/ovary.fasta
    shell:
        python Snakemake_progs/5.promoters_sequences.py ../../results/zebrafish_organs/sets/posSet/bed_files/ovary.bed ../../results/zebrafish_organs/sets/posSet/sequences/ovary.fasta
        (command exited with non-zero exit code)
[Thu Aug 14 11:44:44 2025]
Finished jobid: 15 (Rule: pos_Set)
10 of 144 steps (7%) done
[Thu Aug 14 11:44:44 2025]
Finished jobid: 13 (Rule: pos_Set)
11 of 144 steps (8%) done
Shutting down, this might take some time.
Exiting because a job execution failed. Look below for error messages
[Thu Aug 14 11:44:44 2025]
Error in rule sequences:
    message: None
    jobid: 6
    input: ../../results/zebrafish_organs/sets/posSet/bed_files/ovary.bed
    output: ../../results/zebrafish_organs/sets/posSet/sequences/ovary.fasta
    shell:
        python Snakemake_progs/5.promoters_sequences.py ../../results/zebrafish_organs/sets/posSet/bed_files/ovary.bed ../../results/zebrafish_organs/sets/posSet/sequences/ovary.fasta
        (command exited with non-zero exit code)
Complete log(s): /Users/children/Desktop/Stage_2025/scripts/zebrafish_organs/.snakemake/log/2025-08-14T114409.275048.snakemake.log
WorkflowError:
At least one job did not complete successfully.
